2024-10-27 22:20:21,646 - INFO - Starting arbitrage monitoring...
2024-10-27 22:20:22,293 - INFO - Arbitrage No Spread (Trump/Kamala): 3.36%
2024-10-27 22:20:22,294 - INFO - Arbitrage Yes/No Spread (Kamala/Kamala): 3.41%
2024-10-27 22:21:22,908 - INFO - Arbitrage No Spread (Trump/Kamala): 3.36%
2024-10-27 22:21:22,908 - INFO - Arbitrage Yes/No Spread (Kamala/Kamala): 3.41%
2024-10-27 22:22:23,526 - INFO - Arbitrage No Spread (Trump/Kamala): 3.36%
2024-10-27 22:22:23,526 - INFO - Arbitrage Yes/No Spread (Kamala/Kamala): 3.36%
2024-10-27 22:23:24,144 - INFO - Arbitrage No Spread (Trump/Kamala): 3.36%
2024-10-27 22:23:24,153 - INFO - Arbitrage Yes/No Spread (Kamala/Kamala): 3.36%
2024-10-27 22:24:02,946 - INFO - Monitoring stopped by user
2024-10-27 22:32:51,844 - INFO - Starting arbitrage monitoring...
2024-10-27 22:32:52,447 - INFO - Arbitrage No Spread (Trump/Kamala): 3.2%
2024-10-27 22:32:52,447 - INFO - Arbitrage Yes/No Spread (Kamala/Kamala): 3.15%
2024-10-27 22:33:19,673 - INFO - Monitoring stopped by user
2024-10-27 22:38:47,633 - INFO - Starting arbitrage monitoring...
2024-10-27 22:38:48,276 - ERROR - Error calculating arbitrage: name 'arbitrage_no_spread' is not defined
2024-10-27 22:38:54,983 - INFO - Monitoring stopped by user
2024-10-27 22:39:38,239 - INFO - Starting arbitrage monitoring...
2024-10-27 22:39:38,843 - INFO - Arbitrage No Spread (Trump/Kamala): 3.15%
2024-10-27 22:39:38,843 - INFO - Arbitrage Yes/No Spread (Kamala/Kamala): 3.15%
2024-10-27 22:40:39,630 - INFO - Arbitrage No Spread (Trump/Kamala): 3.15%
2024-10-27 22:40:39,630 - INFO - Arbitrage Yes/No Spread (Kamala/Kamala): 3.15%
2024-10-27 22:41:40,249 - INFO - Arbitrage No Spread (Trump/Kamala): 3.15%
2024-10-27 22:41:40,250 - INFO - Arbitrage Yes/No Spread (Kamala/Kamala): 3.15%
2024-10-27 22:42:40,886 - INFO - Arbitrage No Spread (Trump/Kamala): 3.15%
2024-10-27 22:42:40,886 - INFO - Arbitrage Yes/No Spread (Kamala/Kamala): 3.15%
2024-10-27 22:43:41,613 - INFO - Arbitrage No Spread (Trump/Kamala): 3.15%
2024-10-27 22:43:41,613 - INFO - Arbitrage Yes/No Spread (Kamala/Kamala): 3.15%
2024-10-27 22:44:42,212 - INFO - Arbitrage No Spread (Trump/Kamala): 3.15%
2024-10-27 22:44:42,213 - INFO - Arbitrage Yes/No Spread (Kamala/Kamala): 3.2%
2024-10-27 22:45:42,896 - INFO - Arbitrage No Spread (Trump/Kamala): 3.15%
2024-10-27 22:45:42,897 - INFO - Arbitrage Yes/No Spread (Kamala/Kamala): 3.2%
2024-10-27 22:46:43,521 - INFO - Arbitrage No Spread (Trump/Kamala): 3.15%
2024-10-27 22:46:43,521 - INFO - Arbitrage Yes/No Spread (Kamala/Kamala): 3.2%
2024-10-27 22:47:44,148 - INFO - Arbitrage No Spread (Trump/Kamala): 3.15%
2024-10-27 22:47:44,148 - INFO - Arbitrage Yes/No Spread (Kamala/Kamala): 3.2%
2024-10-27 22:48:27,137 - INFO - Monitoring stopped by user
2024-10-28 10:58:20,976 - INFO - Starting arbitrage monitoring...
2024-10-28 10:58:21,683 - INFO - Arbitrage No Spread (Trump/Kamala): 1.47%
2024-10-28 10:58:21,684 - INFO - Arbitrage Yes/No Spread (Kamala/Kamala): 1.57%
2024-10-28 10:59:22,314 - INFO - Arbitrage No Spread (Trump/Kamala): 1.47%
2024-10-28 10:59:22,315 - INFO - Arbitrage Yes/No Spread (Kamala/Kamala): 1.57%
2024-10-28 11:00:22,957 - INFO - Arbitrage No Spread (Trump/Kamala): 1.47%
2024-10-28 11:00:22,957 - INFO - Arbitrage Yes/No Spread (Kamala/Kamala): 1.47%
2024-10-28 11:01:23,619 - INFO - Arbitrage No Spread (Trump/Kamala): 1.47%
2024-10-28 11:01:23,619 - INFO - Arbitrage Yes/No Spread (Kamala/Kamala): 1.47%
2024-10-28 11:02:24,226 - INFO - Arbitrage No Spread (Trump/Kamala): 1.47%
2024-10-28 11:02:24,226 - INFO - Arbitrage Yes/No Spread (Kamala/Kamala): 1.47%
2024-10-28 11:03:24,852 - INFO - Arbitrage No Spread (Trump/Kamala): 1.47%
2024-10-28 11:03:24,852 - INFO - Arbitrage Yes/No Spread (Kamala/Kamala): 1.47%
2024-10-28 11:04:25,491 - INFO - Arbitrage No Spread (Trump/Kamala): 1.47%
2024-10-28 11:04:25,491 - INFO - Arbitrage Yes/No Spread (Kamala/Kamala): 1.47%
2024-10-28 11:05:26,080 - INFO - Arbitrage No Spread (Trump/Kamala): 1.47%
2024-10-28 11:05:26,080 - INFO - Arbitrage Yes/No Spread (Kamala/Kamala): 1.47%
2024-10-28 11:06:26,705 - INFO - Arbitrage No Spread (Trump/Kamala): 1.47%
2024-10-28 11:06:26,706 - INFO - Arbitrage Yes/No Spread (Kamala/Kamala): 1.42%
2024-10-28 11:07:27,352 - INFO - Arbitrage No Spread (Trump/Kamala): 1.47%
2024-10-28 11:07:27,352 - INFO - Arbitrage Yes/No Spread (Kamala/Kamala): 1.42%
2024-10-28 11:08:27,974 - INFO - Arbitrage No Spread (Trump/Kamala): 1.37%
2024-10-28 11:08:27,974 - INFO - Arbitrage Yes/No Spread (Kamala/Kamala): 1.42%
2024-10-28 11:09:28,596 - INFO - Arbitrage No Spread (Trump/Kamala): 1.37%
2024-10-28 11:09:28,597 - INFO - Arbitrage Yes/No Spread (Kamala/Kamala): 1.47%
2024-10-28 11:10:29,211 - INFO - Arbitrage No Spread (Trump/Kamala): 1.37%
2024-10-28 11:10:29,211 - INFO - Arbitrage Yes/No Spread (Kamala/Kamala): 1.37%
2024-10-28 11:11:29,949 - INFO - Arbitrage No Spread (Trump/Kamala): 1.37%
2024-10-28 11:11:29,949 - INFO - Arbitrage Yes/No Spread (Kamala/Kamala): 1.37%
2024-10-28 11:12:30,542 - INFO - Arbitrage No Spread (Trump/Kamala): 1.37%
2024-10-28 11:12:30,542 - INFO - Arbitrage Yes/No Spread (Kamala/Kamala): 1.37%
2024-10-28 11:13:31,137 - INFO - Arbitrage No Spread (Trump/Kamala): 1.37%
2024-10-28 11:13:31,138 - INFO - Arbitrage Yes/No Spread (Kamala/Kamala): 1.37%
2024-10-28 11:14:31,822 - INFO - Arbitrage No Spread (Trump/Kamala): 1.37%
2024-10-28 11:14:31,822 - INFO - Arbitrage Yes/No Spread (Kamala/Kamala): 1.37%
2024-10-28 11:15:32,419 - INFO - Arbitrage No Spread (Trump/Kamala): 1.37%
2024-10-28 11:15:32,419 - INFO - Arbitrage Yes/No Spread (Kamala/Kamala): 1.37%
2024-10-28 11:16:33,071 - INFO - Arbitrage No Spread (Trump/Kamala): 2.41%
2024-10-28 11:16:33,071 - INFO - Arbitrage Yes/No Spread (Kamala/Kamala): 2.41%
2024-10-28 11:17:33,701 - INFO - Arbitrage No Spread (Trump/Kamala): 2.41%
2024-10-28 11:17:33,702 - INFO - Arbitrage Yes/No Spread (Kamala/Kamala): 2.41%
2024-10-28 11:18:34,310 - INFO - Arbitrage No Spread (Trump/Kamala): 1.37%
2024-10-28 11:18:34,310 - INFO - Arbitrage Yes/No Spread (Kamala/Kamala): 1.37%
2024-10-28 11:19:34,996 - INFO - Arbitrage No Spread (Trump/Kamala): 1.37%
2024-10-28 11:19:34,996 - INFO - Arbitrage Yes/No Spread (Kamala/Kamala): 1.37%
2024-10-28 11:20:35,868 - INFO - Arbitrage No Spread (Trump/Kamala): 1.37%
2024-10-28 11:20:35,868 - INFO - Arbitrage Yes/No Spread (Kamala/Kamala): 1.32%
2024-10-28 11:21:36,482 - INFO - Arbitrage No Spread (Trump/Kamala): 1.37%
2024-10-28 11:21:36,483 - INFO - Arbitrage Yes/No Spread (Kamala/Kamala): 1.32%
2024-10-28 11:22:37,135 - INFO - Arbitrage No Spread (Trump/Kamala): 1.37%
2024-10-28 11:22:37,136 - INFO - Arbitrage Yes/No Spread (Kamala/Kamala): 1.32%
2024-10-28 11:23:37,731 - INFO - Arbitrage No Spread (Trump/Kamala): 1.37%
2024-10-28 11:23:37,731 - INFO - Arbitrage Yes/No Spread (Kamala/Kamala): 1.32%
2024-10-28 11:24:38,339 - INFO - Arbitrage No Spread (Trump/Kamala): 1.42%
2024-10-28 11:24:38,339 - INFO - Arbitrage Yes/No Spread (Kamala/Kamala): 1.32%
2024-10-28 11:25:38,975 - INFO - Arbitrage No Spread (Trump/Kamala): 1.42%
2024-10-28 11:25:38,975 - INFO - Arbitrage Yes/No Spread (Kamala/Kamala): 1.32%
2024-10-28 11:26:39,598 - INFO - Arbitrage No Spread (Trump/Kamala): 1.42%
2024-10-28 11:26:39,599 - INFO - Arbitrage Yes/No Spread (Kamala/Kamala): 1.37%
2024-10-28 11:27:40,258 - INFO - Arbitrage No Spread (Trump/Kamala): 1.42%
2024-10-28 11:27:40,258 - INFO - Arbitrage Yes/No Spread (Kamala/Kamala): 1.37%
2024-10-28 11:28:40,857 - INFO - Arbitrage No Spread (Trump/Kamala): 1.42%
2024-10-28 11:28:40,858 - INFO - Arbitrage Yes/No Spread (Kamala/Kamala): 1.37%
2024-10-28 11:29:41,539 - INFO - Arbitrage No Spread (Trump/Kamala): 1.42%
2024-10-28 11:29:41,539 - INFO - Arbitrage Yes/No Spread (Kamala/Kamala): 1.37%
2024-10-28 11:30:42,153 - INFO - Arbitrage No Spread (Trump/Kamala): 1.47%
2024-10-28 11:30:42,154 - INFO - Arbitrage Yes/No Spread (Kamala/Kamala): 1.37%
2024-10-28 11:31:42,770 - INFO - Arbitrage No Spread (Trump/Kamala): 1.47%
2024-10-28 11:31:42,770 - INFO - Arbitrage Yes/No Spread (Kamala/Kamala): 1.37%
2024-10-28 11:32:43,448 - INFO - Arbitrage No Spread (Trump/Kamala): 1.42%
2024-10-28 11:32:43,448 - INFO - Arbitrage Yes/No Spread (Kamala/Kamala): 1.37%
2024-10-28 11:33:44,068 - INFO - Arbitrage No Spread (Trump/Kamala): 1.42%
2024-10-28 11:33:44,069 - INFO - Arbitrage Yes/No Spread (Kamala/Kamala): 1.37%
2024-10-28 11:34:44,763 - INFO - Arbitrage No Spread (Trump/Kamala): 1.42%
2024-10-28 11:34:44,763 - INFO - Arbitrage Yes/No Spread (Kamala/Kamala): 1.37%
2024-10-28 11:35:45,456 - INFO - Arbitrage No Spread (Trump/Kamala): 1.42%
2024-10-28 11:35:45,456 - INFO - Arbitrage Yes/No Spread (Kamala/Kamala): 1.37%
2024-10-28 11:36:46,053 - INFO - Arbitrage No Spread (Trump/Kamala): 1.42%
2024-10-28 11:36:46,054 - INFO - Arbitrage Yes/No Spread (Kamala/Kamala): 1.27%
2024-10-28 11:37:46,702 - INFO - Arbitrage No Spread (Trump/Kamala): 1.42%
2024-10-28 11:37:46,702 - INFO - Arbitrage Yes/No Spread (Kamala/Kamala): 1.27%
2024-10-28 11:38:47,359 - INFO - Arbitrage No Spread (Trump/Kamala): 1.42%
2024-10-28 11:38:47,359 - INFO - Arbitrage Yes/No Spread (Kamala/Kamala): 1.37%
2024-10-28 11:39:48,124 - INFO - Arbitrage No Spread (Trump/Kamala): 1.42%
2024-10-28 11:39:48,125 - INFO - Arbitrage Yes/No Spread (Kamala/Kamala): 1.37%
2024-10-28 11:40:48,845 - INFO - Arbitrage No Spread (Trump/Kamala): 1.42%
2024-10-28 11:40:48,846 - INFO - Arbitrage Yes/No Spread (Kamala/Kamala): 1.37%
2024-10-28 11:41:49,628 - INFO - Arbitrage No Spread (Trump/Kamala): 1.42%
2024-10-28 11:41:49,628 - INFO - Arbitrage Yes/No Spread (Kamala/Kamala): 1.37%
2024-10-28 11:42:50,383 - INFO - Arbitrage No Spread (Trump/Kamala): 1.37%
2024-10-28 11:42:50,384 - INFO - Arbitrage Yes/No Spread (Kamala/Kamala): 1.27%
2024-10-28 11:43:50,984 - INFO - Arbitrage No Spread (Trump/Kamala): 1.37%
2024-10-28 11:43:50,985 - INFO - Arbitrage Yes/No Spread (Kamala/Kamala): 1.27%
2024-10-28 11:44:51,595 - INFO - Arbitrage No Spread (Trump/Kamala): 1.47%
2024-10-28 11:44:51,595 - INFO - Arbitrage Yes/No Spread (Kamala/Kamala): 1.37%
2024-10-28 11:45:52,362 - INFO - Arbitrage No Spread (Trump/Kamala): 1.47%
2024-10-28 11:45:52,362 - INFO - Arbitrage Yes/No Spread (Kamala/Kamala): 1.37%
2024-10-28 11:46:52,997 - INFO - Arbitrage No Spread (Trump/Kamala): 1.47%
2024-10-28 11:46:52,997 - INFO - Arbitrage Yes/No Spread (Kamala/Kamala): 1.37%
2024-10-28 11:47:53,754 - INFO - Arbitrage No Spread (Trump/Kamala): 1.47%
2024-10-28 11:47:53,754 - INFO - Arbitrage Yes/No Spread (Kamala/Kamala): 1.37%
2024-10-28 11:48:54,379 - INFO - Arbitrage No Spread (Trump/Kamala): 1.37%
2024-10-28 11:48:54,379 - INFO - Arbitrage Yes/No Spread (Kamala/Kamala): 1.37%
2024-10-28 11:49:55,031 - INFO - Arbitrage No Spread (Trump/Kamala): 1.37%
2024-10-28 11:49:55,032 - INFO - Arbitrage Yes/No Spread (Kamala/Kamala): 1.37%
2024-10-28 11:50:55,709 - INFO - Arbitrage No Spread (Trump/Kamala): 1.37%
2024-10-28 11:50:55,709 - INFO - Arbitrage Yes/No Spread (Kamala/Kamala): 1.37%
2024-10-28 11:51:56,332 - INFO - Arbitrage No Spread (Trump/Kamala): 1.37%
2024-10-28 11:51:56,332 - INFO - Arbitrage Yes/No Spread (Kamala/Kamala): 1.37%
2024-10-28 11:52:56,943 - INFO - Arbitrage No Spread (Trump/Kamala): 1.37%
2024-10-28 11:52:56,943 - INFO - Arbitrage Yes/No Spread (Kamala/Kamala): 1.37%
2024-10-28 11:53:57,554 - INFO - Arbitrage No Spread (Trump/Kamala): 1.37%
2024-10-28 11:53:57,554 - INFO - Arbitrage Yes/No Spread (Kamala/Kamala): 1.37%
2024-10-28 11:54:58,334 - INFO - Arbitrage No Spread (Trump/Kamala): 1.37%
2024-10-28 11:54:58,334 - INFO - Arbitrage Yes/No Spread (Kamala/Kamala): 1.37%
2024-10-28 11:55:59,224 - INFO - Arbitrage No Spread (Trump/Kamala): 1.37%
2024-10-28 11:55:59,225 - INFO - Arbitrage Yes/No Spread (Kamala/Kamala): 1.37%
2024-10-28 11:56:59,882 - INFO - Arbitrage No Spread (Trump/Kamala): 1.37%
2024-10-28 11:56:59,883 - INFO - Arbitrage Yes/No Spread (Kamala/Kamala): 1.32%
2024-10-28 11:58:00,506 - INFO - Arbitrage No Spread (Trump/Kamala): 1.37%
2024-10-28 11:58:00,506 - INFO - Arbitrage Yes/No Spread (Kamala/Kamala): 1.32%
2024-10-28 11:59:01,139 - INFO - Arbitrage No Spread (Trump/Kamala): 1.37%
2024-10-28 11:59:01,139 - INFO - Arbitrage Yes/No Spread (Kamala/Kamala): 1.32%
2024-10-28 12:00:01,840 - INFO - Arbitrage No Spread (Trump/Kamala): 1.37%
2024-10-28 12:00:01,841 - INFO - Arbitrage Yes/No Spread (Kamala/Kamala): 1.32%
2024-10-28 12:01:02,510 - INFO - Arbitrage No Spread (Trump/Kamala): 1.37%
2024-10-28 12:01:02,511 - INFO - Arbitrage Yes/No Spread (Kamala/Kamala): 1.32%
2024-10-28 12:02:03,235 - INFO - Arbitrage No Spread (Trump/Kamala): 1.37%
2024-10-28 12:02:03,235 - INFO - Arbitrage Yes/No Spread (Kamala/Kamala): 1.32%
2024-10-28 12:03:03,862 - INFO - Arbitrage No Spread (Trump/Kamala): 1.37%
2024-10-28 12:03:03,862 - INFO - Arbitrage Yes/No Spread (Kamala/Kamala): 1.32%
2024-10-28 12:04:04,492 - INFO - Arbitrage No Spread (Trump/Kamala): 1.37%
2024-10-28 12:04:04,492 - INFO - Arbitrage Yes/No Spread (Kamala/Kamala): 1.32%
2024-10-28 12:05:05,121 - INFO - Arbitrage No Spread (Trump/Kamala): 1.37%
2024-10-28 12:05:05,121 - INFO - Arbitrage Yes/No Spread (Kamala/Kamala): 1.37%
2024-10-28 12:06:05,761 - INFO - Arbitrage No Spread (Trump/Kamala): 1.37%
2024-10-28 12:06:05,761 - INFO - Arbitrage Yes/No Spread (Kamala/Kamala): 1.37%
2024-10-28 12:07:06,471 - INFO - Arbitrage No Spread (Trump/Kamala): 1.37%
2024-10-28 12:07:06,472 - INFO - Arbitrage Yes/No Spread (Kamala/Kamala): 1.27%
2024-10-28 12:08:07,163 - INFO - Arbitrage No Spread (Trump/Kamala): 1.37%
2024-10-28 12:08:07,163 - INFO - Arbitrage Yes/No Spread (Kamala/Kamala): 1.27%
2024-10-28 12:09:07,812 - INFO - Arbitrage No Spread (Trump/Kamala): 1.37%
2024-10-28 12:09:07,813 - INFO - Arbitrage Yes/No Spread (Kamala/Kamala): 1.27%
2024-10-28 12:10:08,462 - INFO - Arbitrage No Spread (Trump/Kamala): 1.37%
2024-10-28 12:10:08,462 - INFO - Arbitrage Yes/No Spread (Kamala/Kamala): 1.27%
2024-10-28 12:11:09,110 - INFO - Arbitrage No Spread (Trump/Kamala): 1.37%
2024-10-28 12:11:09,110 - INFO - Arbitrage Yes/No Spread (Kamala/Kamala): 1.27%
2024-10-28 12:12:09,716 - INFO - Arbitrage No Spread (Trump/Kamala): 1.37%
2024-10-28 12:12:09,716 - INFO - Arbitrage Yes/No Spread (Kamala/Kamala): 1.27%
2024-10-28 12:13:10,370 - INFO - Arbitrage No Spread (Trump/Kamala): 1.37%
2024-10-28 12:13:10,370 - INFO - Arbitrage Yes/No Spread (Kamala/Kamala): 1.27%
2024-10-28 12:14:10,966 - INFO - Arbitrage No Spread (Trump/Kamala): 1.37%
2024-10-28 12:14:10,967 - INFO - Arbitrage Yes/No Spread (Kamala/Kamala): 1.27%
2024-10-28 12:15:11,626 - INFO - Arbitrage No Spread (Trump/Kamala): 1.37%
2024-10-28 12:15:11,627 - INFO - Arbitrage Yes/No Spread (Kamala/Kamala): 1.27%
2024-10-28 12:16:12,272 - INFO - Arbitrage No Spread (Trump/Kamala): 1.37%
2024-10-28 12:16:12,272 - INFO - Arbitrage Yes/No Spread (Kamala/Kamala): 1.27%
2024-10-28 12:17:12,878 - INFO - Arbitrage No Spread (Trump/Kamala): 1.37%
2024-10-28 12:17:12,878 - INFO - Arbitrage Yes/No Spread (Kamala/Kamala): 1.21%
2024-10-28 12:18:13,685 - INFO - Arbitrage No Spread (Trump/Kamala): 1.37%
2024-10-28 12:18:13,685 - INFO - Arbitrage Yes/No Spread (Kamala/Kamala): 1.27%
2024-10-28 12:19:14,311 - INFO - Arbitrage No Spread (Trump/Kamala): 1.37%
2024-10-28 12:19:14,312 - INFO - Arbitrage Yes/No Spread (Kamala/Kamala): 1.27%
2024-10-28 12:20:14,958 - INFO - Arbitrage No Spread (Trump/Kamala): 1.37%
2024-10-28 12:20:14,958 - INFO - Arbitrage Yes/No Spread (Kamala/Kamala): 1.27%
2024-10-28 12:21:15,586 - INFO - Arbitrage No Spread (Trump/Kamala): 1.37%
2024-10-28 12:21:15,587 - INFO - Arbitrage Yes/No Spread (Kamala/Kamala): 1.27%
2024-10-28 12:22:16,249 - INFO - Arbitrage No Spread (Trump/Kamala): 1.37%
2024-10-28 12:22:16,249 - INFO - Arbitrage Yes/No Spread (Kamala/Kamala): 1.27%
2024-10-28 12:23:16,886 - INFO - Arbitrage No Spread (Trump/Kamala): 1.37%
2024-10-28 12:23:16,886 - INFO - Arbitrage Yes/No Spread (Kamala/Kamala): 1.27%
2024-10-28 12:24:17,495 - INFO - Arbitrage No Spread (Trump/Kamala): 1.37%
2024-10-28 12:24:17,495 - INFO - Arbitrage Yes/No Spread (Kamala/Kamala): 1.27%
2024-10-28 12:25:18,142 - INFO - Arbitrage No Spread (Trump/Kamala): 1.37%
2024-10-28 12:25:18,142 - INFO - Arbitrage Yes/No Spread (Kamala/Kamala): 1.27%
2024-10-28 12:26:18,805 - INFO - Arbitrage No Spread (Trump/Kamala): 1.37%
2024-10-28 12:26:18,806 - INFO - Arbitrage Yes/No Spread (Kamala/Kamala): 1.27%
2024-10-28 12:27:19,443 - INFO - Arbitrage No Spread (Trump/Kamala): 1.37%
2024-10-28 12:27:19,444 - INFO - Arbitrage Yes/No Spread (Kamala/Kamala): 1.27%
2024-10-28 12:28:20,087 - INFO - Arbitrage No Spread (Trump/Kamala): 1.37%
2024-10-28 12:28:20,088 - INFO - Arbitrage Yes/No Spread (Kamala/Kamala): 1.27%
2024-10-28 12:29:20,707 - INFO - Arbitrage No Spread (Trump/Kamala): 1.37%
2024-10-28 12:29:20,708 - INFO - Arbitrage Yes/No Spread (Kamala/Kamala): 1.27%
2024-10-28 12:30:21,336 - INFO - Arbitrage No Spread (Trump/Kamala): 1.37%
2024-10-28 12:30:21,337 - INFO - Arbitrage Yes/No Spread (Kamala/Kamala): 1.27%
2024-10-28 12:31:22,011 - INFO - Arbitrage No Spread (Trump/Kamala): 1.37%
2024-10-28 12:31:22,011 - INFO - Arbitrage Yes/No Spread (Kamala/Kamala): 1.32%
2024-10-28 12:32:22,730 - INFO - Arbitrage No Spread (Trump/Kamala): 1.37%
2024-10-28 12:32:22,730 - INFO - Arbitrage Yes/No Spread (Kamala/Kamala): 1.32%
2024-10-28 12:33:23,377 - INFO - Arbitrage No Spread (Trump/Kamala): 1.37%
2024-10-28 12:33:23,377 - INFO - Arbitrage Yes/No Spread (Kamala/Kamala): 1.27%
2024-10-28 12:34:24,003 - INFO - Arbitrage No Spread (Trump/Kamala): 1.37%
2024-10-28 12:34:24,003 - INFO - Arbitrage Yes/No Spread (Kamala/Kamala): 1.27%
2024-10-28 12:35:24,653 - INFO - Arbitrage No Spread (Trump/Kamala): 1.37%
2024-10-28 12:35:24,654 - INFO - Arbitrage Yes/No Spread (Kamala/Kamala): 1.27%
2024-10-28 12:36:25,334 - INFO - Arbitrage No Spread (Trump/Kamala): 1.42%
2024-10-28 12:36:25,334 - INFO - Arbitrage Yes/No Spread (Kamala/Kamala): 1.27%
2024-10-28 12:37:26,070 - INFO - Arbitrage No Spread (Trump/Kamala): 1.42%
2024-10-28 12:37:26,070 - INFO - Arbitrage Yes/No Spread (Kamala/Kamala): 1.37%
2024-10-28 12:38:26,689 - INFO - Arbitrage No Spread (Trump/Kamala): 1.42%
2024-10-28 12:38:26,689 - INFO - Arbitrage Yes/No Spread (Kamala/Kamala): 1.37%
2024-10-28 12:39:27,354 - INFO - Arbitrage No Spread (Trump/Kamala): 1.42%
2024-10-28 12:39:27,354 - INFO - Arbitrage Yes/No Spread (Kamala/Kamala): 1.32%
2024-10-28 12:40:27,969 - INFO - Arbitrage No Spread (Trump/Kamala): 1.47%
2024-10-28 12:40:27,969 - INFO - Arbitrage Yes/No Spread (Kamala/Kamala): 1.32%
2024-10-28 12:41:28,658 - INFO - Arbitrage No Spread (Trump/Kamala): 1.47%
2024-10-28 12:41:28,658 - INFO - Arbitrage Yes/No Spread (Kamala/Kamala): 1.37%
2024-10-28 12:42:29,412 - INFO - Arbitrage No Spread (Trump/Kamala): 1.42%
2024-10-28 12:42:29,412 - INFO - Arbitrage Yes/No Spread (Kamala/Kamala): 1.37%
2024-10-28 12:43:30,034 - INFO - Arbitrage No Spread (Trump/Kamala): 1.42%
2024-10-28 12:43:30,034 - INFO - Arbitrage Yes/No Spread (Kamala/Kamala): 1.32%
2024-10-28 12:44:30,668 - INFO - Arbitrage No Spread (Trump/Kamala): 1.37%
2024-10-28 12:44:30,668 - INFO - Arbitrage Yes/No Spread (Kamala/Kamala): 1.32%
2024-10-28 12:45:31,309 - INFO - Arbitrage No Spread (Trump/Kamala): 1.37%
2024-10-28 12:45:31,309 - INFO - Arbitrage Yes/No Spread (Kamala/Kamala): 1.27%
2024-10-28 12:46:32,093 - INFO - Arbitrage No Spread (Trump/Kamala): 2.41%
2024-10-28 12:46:32,093 - INFO - Arbitrage Yes/No Spread (Kamala/Kamala): 2.3%
2024-10-28 12:47:32,726 - INFO - Arbitrage No Spread (Trump/Kamala): 2.41%
2024-10-28 12:47:32,726 - INFO - Arbitrage Yes/No Spread (Kamala/Kamala): 2.3%
2024-10-28 12:48:33,417 - INFO - Arbitrage No Spread (Trump/Kamala): 2.41%
2024-10-28 12:48:33,417 - INFO - Arbitrage Yes/No Spread (Kamala/Kamala): 2.3%
2024-10-28 12:49:34,057 - INFO - Arbitrage No Spread (Trump/Kamala): 2.41%
2024-10-28 12:49:34,057 - INFO - Arbitrage Yes/No Spread (Kamala/Kamala): 2.3%
2024-10-28 12:50:34,712 - INFO - Arbitrage No Spread (Trump/Kamala): 2.41%
2024-10-28 12:50:34,712 - INFO - Arbitrage Yes/No Spread (Kamala/Kamala): 2.3%
2024-10-28 12:51:35,360 - INFO - Arbitrage No Spread (Trump/Kamala): 2.41%
2024-10-28 12:51:35,360 - INFO - Arbitrage Yes/No Spread (Kamala/Kamala): 2.3%
2024-10-28 12:52:35,978 - INFO - Arbitrage No Spread (Trump/Kamala): 2.35%
2024-10-28 12:52:35,979 - INFO - Arbitrage Yes/No Spread (Kamala/Kamala): 2.3%
2024-10-28 12:53:36,650 - INFO - Arbitrage No Spread (Trump/Kamala): 2.35%
2024-10-28 12:53:36,650 - INFO - Arbitrage Yes/No Spread (Kamala/Kamala): 2.3%
2024-10-28 12:54:37,270 - INFO - Arbitrage No Spread (Trump/Kamala): 2.25%
2024-10-28 12:54:37,270 - INFO - Arbitrage Yes/No Spread (Kamala/Kamala): 2.3%
2024-10-28 12:55:37,969 - INFO - Arbitrage No Spread (Trump/Kamala): 2.25%
2024-10-28 12:55:37,969 - INFO - Arbitrage Yes/No Spread (Kamala/Kamala): 2.3%
2024-10-28 12:56:38,628 - INFO - Arbitrage No Spread (Trump/Kamala): 2.35%
2024-10-28 12:56:38,628 - INFO - Arbitrage Yes/No Spread (Kamala/Kamala): 2.41%
2024-10-28 12:57:39,406 - INFO - Arbitrage No Spread (Trump/Kamala): 2.35%
2024-10-28 12:57:39,406 - INFO - Arbitrage Yes/No Spread (Kamala/Kamala): 2.41%
2024-10-28 12:58:40,174 - INFO - Arbitrage No Spread (Trump/Kamala): 2.3%
2024-10-28 12:58:40,175 - INFO - Arbitrage Yes/No Spread (Kamala/Kamala): 2.35%
2024-10-28 12:59:40,860 - INFO - Arbitrage No Spread (Trump/Kamala): 2.3%
2024-10-28 12:59:40,861 - INFO - Arbitrage Yes/No Spread (Kamala/Kamala): 2.35%
2024-10-28 13:00:41,541 - INFO - Arbitrage No Spread (Trump/Kamala): 2.25%
2024-10-28 13:00:41,541 - INFO - Arbitrage Yes/No Spread (Kamala/Kamala): 2.35%
2024-10-28 13:01:42,174 - INFO - Arbitrage No Spread (Trump/Kamala): 2.25%
2024-10-28 13:01:42,174 - INFO - Arbitrage Yes/No Spread (Kamala/Kamala): 2.35%
2024-10-28 13:02:42,837 - INFO - Arbitrage No Spread (Trump/Kamala): 2.25%
2024-10-28 13:02:42,838 - INFO - Arbitrage Yes/No Spread (Kamala/Kamala): 2.3%
2024-10-28 13:03:43,482 - INFO - Arbitrage No Spread (Trump/Kamala): 2.25%
2024-10-28 13:03:43,482 - INFO - Arbitrage Yes/No Spread (Kamala/Kamala): 2.3%
2024-10-28 13:04:44,100 - INFO - Arbitrage No Spread (Trump/Kamala): 2.25%
2024-10-28 13:04:44,100 - INFO - Arbitrage Yes/No Spread (Kamala/Kamala): 2.3%
2024-10-28 13:05:44,714 - INFO - Arbitrage No Spread (Trump/Kamala): 2.25%
2024-10-28 13:05:44,714 - INFO - Arbitrage Yes/No Spread (Kamala/Kamala): 2.3%
2024-10-28 13:06:45,338 - INFO - Arbitrage No Spread (Trump/Kamala): 2.25%
2024-10-28 13:06:45,338 - INFO - Arbitrage Yes/No Spread (Kamala/Kamala): 2.3%
2024-10-28 13:07:45,967 - INFO - Arbitrage No Spread (Trump/Kamala): 2.25%
2024-10-28 13:07:45,968 - INFO - Arbitrage Yes/No Spread (Kamala/Kamala): 2.3%
2024-10-28 13:08:46,603 - INFO - Arbitrage No Spread (Trump/Kamala): 2.25%
2024-10-28 13:08:46,603 - INFO - Arbitrage Yes/No Spread (Kamala/Kamala): 2.3%
2024-10-28 13:09:47,239 - INFO - Arbitrage No Spread (Trump/Kamala): 2.25%
2024-10-28 13:09:47,239 - INFO - Arbitrage Yes/No Spread (Kamala/Kamala): 2.3%
2024-10-28 13:10:47,914 - INFO - Arbitrage No Spread (Trump/Kamala): 2.25%
2024-10-28 13:10:47,914 - INFO - Arbitrage Yes/No Spread (Kamala/Kamala): 2.35%
2024-10-28 13:11:48,568 - INFO - Arbitrage No Spread (Trump/Kamala): 2.25%
2024-10-28 13:11:48,568 - INFO - Arbitrage Yes/No Spread (Kamala/Kamala): 2.35%
2024-10-28 13:12:49,250 - INFO - Arbitrage No Spread (Trump/Kamala): 2.25%
2024-10-28 13:12:49,251 - INFO - Arbitrage Yes/No Spread (Kamala/Kamala): 2.3%
2024-10-28 13:13:49,927 - INFO - Arbitrage No Spread (Trump/Kamala): 2.25%
2024-10-28 13:13:49,927 - INFO - Arbitrage Yes/No Spread (Kamala/Kamala): 2.3%
2024-10-28 13:14:50,550 - INFO - Arbitrage No Spread (Trump/Kamala): 2.25%
2024-10-28 13:14:50,550 - INFO - Arbitrage Yes/No Spread (Kamala/Kamala): 2.3%
2024-10-28 13:15:51,235 - INFO - Arbitrage No Spread (Trump/Kamala): 2.25%
2024-10-28 13:15:51,235 - INFO - Arbitrage Yes/No Spread (Kamala/Kamala): 2.3%
2024-10-28 13:16:51,893 - INFO - Arbitrage No Spread (Trump/Kamala): 2.25%
2024-10-28 13:16:51,894 - INFO - Arbitrage Yes/No Spread (Kamala/Kamala): 2.3%
2024-10-28 13:17:52,520 - INFO - Arbitrage No Spread (Trump/Kamala): 2.25%
2024-10-28 13:17:52,521 - INFO - Arbitrage Yes/No Spread (Kamala/Kamala): 2.3%
2024-10-28 13:18:53,200 - INFO - Arbitrage No Spread (Trump/Kamala): 2.3%
2024-10-28 13:18:53,200 - INFO - Arbitrage Yes/No Spread (Kamala/Kamala): 2.3%
2024-10-28 13:19:53,828 - INFO - Arbitrage No Spread (Trump/Kamala): 2.3%
2024-10-28 13:19:53,828 - INFO - Arbitrage Yes/No Spread (Kamala/Kamala): 2.3%
2024-10-28 13:20:54,486 - INFO - Arbitrage No Spread (Trump/Kamala): 2.3%
2024-10-28 13:20:54,486 - INFO - Arbitrage Yes/No Spread (Kamala/Kamala): 2.3%
2024-10-28 13:21:55,098 - INFO - Arbitrage No Spread (Trump/Kamala): 2.3%
2024-10-28 13:21:55,098 - INFO - Arbitrage Yes/No Spread (Kamala/Kamala): 2.3%
2024-10-28 13:22:55,801 - INFO - Arbitrage No Spread (Trump/Kamala): 2.3%
2024-10-28 13:22:55,802 - INFO - Arbitrage Yes/No Spread (Kamala/Kamala): 2.3%
2024-10-28 13:23:56,463 - INFO - Arbitrage No Spread (Trump/Kamala): 2.3%
2024-10-28 13:23:56,464 - INFO - Arbitrage Yes/No Spread (Kamala/Kamala): 2.3%
2024-10-28 13:24:57,094 - INFO - Arbitrage No Spread (Trump/Kamala): 2.3%
2024-10-28 13:24:57,095 - INFO - Arbitrage Yes/No Spread (Kamala/Kamala): 2.25%
2024-10-28 13:25:57,739 - INFO - Arbitrage No Spread (Trump/Kamala): 2.3%
2024-10-28 13:25:57,740 - INFO - Arbitrage Yes/No Spread (Kamala/Kamala): 2.25%
2024-10-28 13:26:58,404 - INFO - Arbitrage No Spread (Trump/Kamala): 2.3%
2024-10-28 13:26:58,404 - INFO - Arbitrage Yes/No Spread (Kamala/Kamala): 2.25%
2024-10-28 13:27:59,049 - INFO - Arbitrage No Spread (Trump/Kamala): 2.3%
2024-10-28 13:27:59,049 - INFO - Arbitrage Yes/No Spread (Kamala/Kamala): 2.25%
2024-10-28 13:28:59,819 - INFO - Arbitrage No Spread (Trump/Kamala): 2.3%
2024-10-28 13:28:59,819 - INFO - Arbitrage Yes/No Spread (Kamala/Kamala): 2.25%
2024-10-28 13:30:00,578 - INFO - Arbitrage No Spread (Trump/Kamala): 2.3%
2024-10-28 13:30:00,578 - INFO - Arbitrage Yes/No Spread (Kamala/Kamala): 2.25%
2024-10-28 13:31:01,297 - INFO - Arbitrage No Spread (Trump/Kamala): 2.3%
2024-10-28 13:31:01,297 - INFO - Arbitrage Yes/No Spread (Kamala/Kamala): 2.25%
2024-10-28 13:32:01,997 - INFO - Arbitrage No Spread (Trump/Kamala): 2.3%
2024-10-28 13:32:01,998 - INFO - Arbitrage Yes/No Spread (Kamala/Kamala): 2.25%
2024-10-28 13:33:02,709 - INFO - Arbitrage No Spread (Trump/Kamala): 2.3%
2024-10-28 13:33:02,709 - INFO - Arbitrage Yes/No Spread (Kamala/Kamala): 2.3%
2024-10-28 13:34:03,393 - INFO - Arbitrage No Spread (Trump/Kamala): 2.3%
2024-10-28 13:34:03,393 - INFO - Arbitrage Yes/No Spread (Kamala/Kamala): 2.3%
2024-10-28 13:35:04,065 - INFO - Arbitrage No Spread (Trump/Kamala): 2.35%
2024-10-28 13:35:04,065 - INFO - Arbitrage Yes/No Spread (Kamala/Kamala): 2.3%
2024-10-28 13:36:04,709 - INFO - Arbitrage No Spread (Trump/Kamala): 2.35%
2024-10-28 13:36:04,710 - INFO - Arbitrage Yes/No Spread (Kamala/Kamala): 2.3%
2024-10-28 13:37:05,329 - INFO - Arbitrage No Spread (Trump/Kamala): 2.35%
2024-10-28 13:37:05,329 - INFO - Arbitrage Yes/No Spread (Kamala/Kamala): 2.3%
2024-10-28 13:38:06,022 - INFO - Arbitrage No Spread (Trump/Kamala): 2.35%
2024-10-28 13:38:06,022 - INFO - Arbitrage Yes/No Spread (Kamala/Kamala): 2.3%
2024-10-28 13:39:06,712 - INFO - Arbitrage No Spread (Trump/Kamala): 2.3%
2024-10-28 13:39:06,712 - INFO - Arbitrage Yes/No Spread (Kamala/Kamala): 2.3%
2024-10-28 13:40:07,356 - INFO - Arbitrage No Spread (Trump/Kamala): 2.3%
2024-10-28 13:40:07,356 - INFO - Arbitrage Yes/No Spread (Kamala/Kamala): 2.3%
2024-10-28 13:41:08,015 - INFO - Arbitrage No Spread (Trump/Kamala): 2.3%
2024-10-28 13:41:08,015 - INFO - Arbitrage Yes/No Spread (Kamala/Kamala): 2.3%
2024-10-28 13:42:08,686 - INFO - Arbitrage No Spread (Trump/Kamala): 2.3%
2024-10-28 13:42:08,686 - INFO - Arbitrage Yes/No Spread (Kamala/Kamala): 2.3%
2024-10-28 13:43:09,345 - INFO - Arbitrage No Spread (Trump/Kamala): 2.3%
2024-10-28 13:43:09,345 - INFO - Arbitrage Yes/No Spread (Kamala/Kamala): 2.3%
2024-10-28 13:44:09,980 - INFO - Arbitrage No Spread (Trump/Kamala): 2.3%
2024-10-28 13:44:09,981 - INFO - Arbitrage Yes/No Spread (Kamala/Kamala): 2.3%
2024-10-28 13:45:10,624 - INFO - Arbitrage No Spread (Trump/Kamala): 2.3%
2024-10-28 13:45:10,625 - INFO - Arbitrage Yes/No Spread (Kamala/Kamala): 2.3%
2024-10-28 13:46:11,388 - INFO - Arbitrage No Spread (Trump/Kamala): 2.3%
2024-10-28 13:46:11,388 - INFO - Arbitrage Yes/No Spread (Kamala/Kamala): 2.3%
2024-10-28 13:47:12,106 - INFO - Arbitrage No Spread (Trump/Kamala): 2.41%
2024-10-28 13:47:12,107 - INFO - Arbitrage Yes/No Spread (Kamala/Kamala): 2.3%
2024-10-28 13:48:12,894 - INFO - Arbitrage No Spread (Trump/Kamala): 2.41%
2024-10-28 13:48:12,894 - INFO - Arbitrage Yes/No Spread (Kamala/Kamala): 2.3%
2024-10-28 13:49:13,515 - INFO - Arbitrage No Spread (Trump/Kamala): 2.3%
2024-10-28 13:49:13,516 - INFO - Arbitrage Yes/No Spread (Kamala/Kamala): 2.3%
2024-10-28 13:50:14,223 - INFO - Arbitrage No Spread (Trump/Kamala): 2.3%
2024-10-28 13:50:14,224 - INFO - Arbitrage Yes/No Spread (Kamala/Kamala): 2.3%
2024-10-28 13:51:14,889 - INFO - Arbitrage No Spread (Trump/Kamala): 2.3%
2024-10-28 13:51:14,890 - INFO - Arbitrage Yes/No Spread (Kamala/Kamala): 2.3%
2024-10-28 13:52:15,549 - INFO - Arbitrage No Spread (Trump/Kamala): 2.3%
2024-10-28 13:52:15,550 - INFO - Arbitrage Yes/No Spread (Kamala/Kamala): 2.3%
2024-10-28 13:53:16,162 - INFO - Arbitrage No Spread (Trump/Kamala): 2.3%
2024-10-28 13:53:16,163 - INFO - Arbitrage Yes/No Spread (Kamala/Kamala): 2.3%
2024-10-28 13:54:16,793 - INFO - Arbitrage No Spread (Trump/Kamala): 2.3%
2024-10-28 13:54:16,793 - INFO - Arbitrage Yes/No Spread (Kamala/Kamala): 2.3%
2024-10-28 13:55:17,427 - INFO - Arbitrage No Spread (Trump/Kamala): 2.3%
2024-10-28 13:55:17,428 - INFO - Arbitrage Yes/No Spread (Kamala/Kamala): 2.25%
2024-10-28 13:56:18,060 - INFO - Arbitrage No Spread (Trump/Kamala): 2.3%
2024-10-28 13:56:18,061 - INFO - Arbitrage Yes/No Spread (Kamala/Kamala): 2.25%
2024-10-28 13:57:18,717 - INFO - Arbitrage No Spread (Trump/Kamala): 2.3%
2024-10-28 13:57:18,718 - INFO - Arbitrage Yes/No Spread (Kamala/Kamala): 2.3%
2024-10-28 13:58:19,355 - INFO - Arbitrage No Spread (Trump/Kamala): 2.3%
2024-10-28 13:58:19,356 - INFO - Arbitrage Yes/No Spread (Kamala/Kamala): 2.3%
2024-10-28 13:59:20,053 - INFO - Arbitrage No Spread (Trump/Kamala): 2.3%
2024-10-28 13:59:20,053 - INFO - Arbitrage Yes/No Spread (Kamala/Kamala): 2.3%
2024-10-28 14:00:20,786 - INFO - Arbitrage No Spread (Trump/Kamala): 2.3%
2024-10-28 14:00:20,786 - INFO - Arbitrage Yes/No Spread (Kamala/Kamala): 2.3%
2024-10-28 14:01:21,415 - INFO - Arbitrage No Spread (Trump/Kamala): 2.35%
2024-10-28 14:01:21,416 - INFO - Arbitrage Yes/No Spread (Kamala/Kamala): 2.35%
2024-10-28 14:02:22,065 - INFO - Arbitrage No Spread (Trump/Kamala): 2.35%
2024-10-28 14:02:22,065 - INFO - Arbitrage Yes/No Spread (Kamala/Kamala): 2.35%
2024-10-28 14:03:22,713 - INFO - Arbitrage No Spread (Trump/Kamala): 2.35%
2024-10-28 14:03:22,713 - INFO - Arbitrage Yes/No Spread (Kamala/Kamala): 2.35%
2024-10-28 14:04:23,332 - INFO - Arbitrage No Spread (Trump/Kamala): 2.35%
2024-10-28 14:04:23,332 - INFO - Arbitrage Yes/No Spread (Kamala/Kamala): 2.35%
2024-10-28 14:05:23,975 - INFO - Arbitrage No Spread (Trump/Kamala): 2.41%
2024-10-28 14:05:23,975 - INFO - Arbitrage Yes/No Spread (Kamala/Kamala): 2.35%
2024-10-28 14:06:24,636 - INFO - Arbitrage No Spread (Trump/Kamala): 2.41%
2024-10-28 14:06:24,636 - INFO - Arbitrage Yes/No Spread (Kamala/Kamala): 2.35%
2024-10-28 14:07:25,435 - INFO - Arbitrage No Spread (Trump/Kamala): 2.41%
2024-10-28 14:07:25,435 - INFO - Arbitrage Yes/No Spread (Kamala/Kamala): 2.35%
2024-10-28 14:08:26,100 - INFO - Arbitrage No Spread (Trump/Kamala): 2.3%
2024-10-28 14:08:26,100 - INFO - Arbitrage Yes/No Spread (Kamala/Kamala): 2.35%
2024-10-28 14:09:26,742 - INFO - Arbitrage No Spread (Trump/Kamala): 2.3%
2024-10-28 14:09:26,742 - INFO - Arbitrage Yes/No Spread (Kamala/Kamala): 2.35%
2024-10-28 14:10:27,386 - INFO - Arbitrage No Spread (Trump/Kamala): 2.35%
2024-10-28 14:10:27,386 - INFO - Arbitrage Yes/No Spread (Kamala/Kamala): 2.35%
2024-10-28 14:11:28,056 - INFO - Arbitrage No Spread (Trump/Kamala): 2.35%
2024-10-28 14:11:28,056 - INFO - Arbitrage Yes/No Spread (Kamala/Kamala): 2.35%
2024-10-28 14:12:28,704 - INFO - Arbitrage No Spread (Trump/Kamala): 2.35%
2024-10-28 14:12:28,705 - INFO - Arbitrage Yes/No Spread (Kamala/Kamala): 2.35%
2024-10-28 14:13:29,324 - INFO - Arbitrage No Spread (Trump/Kamala): 2.35%
2024-10-28 14:13:29,325 - INFO - Arbitrage Yes/No Spread (Kamala/Kamala): 2.35%
2024-10-28 14:14:29,950 - INFO - Arbitrage No Spread (Trump/Kamala): 2.3%
2024-10-28 14:14:29,950 - INFO - Arbitrage Yes/No Spread (Kamala/Kamala): 2.3%
2024-10-28 14:15:30,592 - INFO - Arbitrage No Spread (Trump/Kamala): 2.3%
2024-10-28 14:15:30,592 - INFO - Arbitrage Yes/No Spread (Kamala/Kamala): 2.3%
2024-10-28 14:16:31,337 - INFO - Arbitrage No Spread (Trump/Kamala): 2.3%
2024-10-28 14:16:31,337 - INFO - Arbitrage Yes/No Spread (Kamala/Kamala): 2.41%
2024-10-28 14:17:31,974 - INFO - Arbitrage No Spread (Trump/Kamala): 2.3%
2024-10-28 14:17:31,974 - INFO - Arbitrage Yes/No Spread (Kamala/Kamala): 2.41%
2024-10-28 14:18:32,666 - INFO - Arbitrage No Spread (Trump/Kamala): 2.35%
2024-10-28 14:18:32,667 - INFO - Arbitrage Yes/No Spread (Kamala/Kamala): 2.41%
2024-10-28 14:19:33,417 - INFO - Arbitrage No Spread (Trump/Kamala): 2.35%
2024-10-28 14:19:33,417 - INFO - Arbitrage Yes/No Spread (Kamala/Kamala): 2.41%
2024-10-28 14:20:34,048 - INFO - Arbitrage No Spread (Trump/Kamala): 2.35%
2024-10-28 14:20:34,048 - INFO - Arbitrage Yes/No Spread (Kamala/Kamala): 2.41%
2024-10-28 14:21:34,778 - INFO - Arbitrage No Spread (Trump/Kamala): 2.35%
2024-10-28 14:21:34,778 - INFO - Arbitrage Yes/No Spread (Kamala/Kamala): 2.41%
2024-10-28 14:22:35,418 - INFO - Arbitrage No Spread (Trump/Kamala): 2.35%
2024-10-28 14:22:35,419 - INFO - Arbitrage Yes/No Spread (Kamala/Kamala): 2.41%
2024-10-28 14:23:36,045 - INFO - Arbitrage No Spread (Trump/Kamala): 2.35%
2024-10-28 14:23:36,045 - INFO - Arbitrage Yes/No Spread (Kamala/Kamala): 2.41%
2024-10-28 14:24:36,689 - INFO - Arbitrage No Spread (Trump/Kamala): 2.35%
2024-10-28 14:24:36,690 - INFO - Arbitrage Yes/No Spread (Kamala/Kamala): 2.41%
2024-10-28 14:25:37,322 - INFO - Arbitrage No Spread (Trump/Kamala): 2.35%
2024-10-28 14:25:37,323 - INFO - Arbitrage Yes/No Spread (Kamala/Kamala): 2.41%
2024-10-28 14:26:37,983 - INFO - Arbitrage No Spread (Trump/Kamala): 2.35%
2024-10-28 14:26:37,983 - INFO - Arbitrage Yes/No Spread (Kamala/Kamala): 2.41%
2024-10-28 14:27:38,665 - INFO - Arbitrage No Spread (Trump/Kamala): 2.35%
2024-10-28 14:27:38,665 - INFO - Arbitrage Yes/No Spread (Kamala/Kamala): 2.41%
2024-10-28 14:28:39,348 - INFO - Arbitrage No Spread (Trump/Kamala): 2.35%
2024-10-28 14:28:39,349 - INFO - Arbitrage Yes/No Spread (Kamala/Kamala): 2.35%
2024-10-28 14:29:39,949 - INFO - Arbitrage No Spread (Trump/Kamala): 2.35%
2024-10-28 14:29:39,949 - INFO - Arbitrage Yes/No Spread (Kamala/Kamala): 2.35%
2024-10-28 14:30:40,560 - INFO - Arbitrage No Spread (Trump/Kamala): 2.35%
2024-10-28 14:30:40,560 - INFO - Arbitrage Yes/No Spread (Kamala/Kamala): 2.35%
2024-10-28 14:31:41,201 - INFO - Arbitrage No Spread (Trump/Kamala): 2.35%
2024-10-28 14:31:41,201 - INFO - Arbitrage Yes/No Spread (Kamala/Kamala): 2.35%
2024-10-28 14:32:41,868 - INFO - Arbitrage No Spread (Trump/Kamala): 2.3%
2024-10-28 14:32:41,868 - INFO - Arbitrage Yes/No Spread (Kamala/Kamala): 2.41%
2024-10-28 14:33:42,506 - INFO - Arbitrage No Spread (Trump/Kamala): 2.3%
2024-10-28 14:33:42,506 - INFO - Arbitrage Yes/No Spread (Kamala/Kamala): 2.41%
2024-10-28 14:34:43,167 - INFO - Arbitrage No Spread (Trump/Kamala): 2.3%
2024-10-28 14:34:43,168 - INFO - Arbitrage Yes/No Spread (Kamala/Kamala): 2.41%
2024-10-28 14:35:43,792 - INFO - Arbitrage No Spread (Trump/Kamala): 2.3%
2024-10-28 14:35:43,792 - INFO - Arbitrage Yes/No Spread (Kamala/Kamala): 2.41%
2024-10-28 14:36:44,446 - INFO - Arbitrage No Spread (Trump/Kamala): 2.3%
2024-10-28 14:36:44,446 - INFO - Arbitrage Yes/No Spread (Kamala/Kamala): 2.41%
2024-10-28 14:37:45,104 - INFO - Arbitrage No Spread (Trump/Kamala): 2.3%
2024-10-28 14:37:45,104 - INFO - Arbitrage Yes/No Spread (Kamala/Kamala): 2.41%
2024-10-28 14:38:45,754 - INFO - Arbitrage No Spread (Trump/Kamala): 2.41%
2024-10-28 14:38:45,754 - INFO - Arbitrage Yes/No Spread (Kamala/Kamala): 2.41%
2024-10-28 14:39:46,399 - INFO - Arbitrage No Spread (Trump/Kamala): 2.41%
2024-10-28 14:39:46,400 - INFO - Arbitrage Yes/No Spread (Kamala/Kamala): 2.41%
2024-10-28 14:40:47,046 - INFO - Arbitrage No Spread (Trump/Kamala): 2.41%
2024-10-28 14:40:47,046 - INFO - Arbitrage Yes/No Spread (Kamala/Kamala): 2.41%
2024-10-28 14:41:49,149 - INFO - Arbitrage No Spread (Trump/Kamala): 2.41%
2024-10-28 14:41:49,149 - INFO - Arbitrage Yes/No Spread (Kamala/Kamala): 2.41%
2024-10-28 14:42:49,764 - INFO - Arbitrage No Spread (Trump/Kamala): 2.41%
2024-10-28 14:42:49,764 - INFO - Arbitrage Yes/No Spread (Kamala/Kamala): 2.41%
2024-10-28 14:43:50,448 - INFO - Arbitrage No Spread (Trump/Kamala): 2.41%
2024-10-28 14:43:50,449 - INFO - Arbitrage Yes/No Spread (Kamala/Kamala): 2.41%
2024-10-28 14:44:51,064 - INFO - Arbitrage No Spread (Trump/Kamala): 2.41%
2024-10-28 14:44:51,064 - INFO - Arbitrage Yes/No Spread (Kamala/Kamala): 2.46%
2024-10-28 14:45:51,667 - INFO - Arbitrage No Spread (Trump/Kamala): 2.41%
2024-10-28 14:45:51,667 - INFO - Arbitrage Yes/No Spread (Kamala/Kamala): 2.46%
2024-10-28 14:46:52,301 - INFO - Arbitrage No Spread (Trump/Kamala): 2.41%
2024-10-28 14:46:52,301 - INFO - Arbitrage Yes/No Spread (Kamala/Kamala): 2.46%
2024-10-28 14:47:52,983 - INFO - Arbitrage No Spread (Trump/Kamala): 2.41%
2024-10-28 14:47:52,984 - INFO - Arbitrage Yes/No Spread (Kamala/Kamala): 2.46%
2024-10-28 14:48:53,649 - INFO - Arbitrage No Spread (Trump/Kamala): 2.41%
2024-10-28 14:48:53,649 - INFO - Arbitrage Yes/No Spread (Kamala/Kamala): 2.46%
2024-10-28 14:49:54,273 - INFO - Arbitrage No Spread (Trump/Kamala): 2.41%
2024-10-28 14:49:54,273 - INFO - Arbitrage Yes/No Spread (Kamala/Kamala): 2.46%
2024-10-28 14:50:54,927 - INFO - Arbitrage No Spread (Trump/Kamala): 2.41%
2024-10-28 14:50:54,928 - INFO - Arbitrage Yes/No Spread (Kamala/Kamala): 2.46%
2024-10-28 14:51:55,585 - INFO - Arbitrage No Spread (Trump/Kamala): 2.41%
2024-10-28 14:51:55,586 - INFO - Arbitrage Yes/No Spread (Kamala/Kamala): 2.46%
2024-10-28 14:52:56,246 - INFO - Arbitrage No Spread (Trump/Kamala): 2.41%
2024-10-28 14:52:56,247 - INFO - Arbitrage Yes/No Spread (Kamala/Kamala): 2.46%
2024-10-28 14:53:56,930 - INFO - Arbitrage No Spread (Trump/Kamala): 2.41%
2024-10-28 14:53:56,931 - INFO - Arbitrage Yes/No Spread (Kamala/Kamala): 2.46%
2024-10-28 14:54:57,584 - INFO - Arbitrage No Spread (Trump/Kamala): 2.41%
2024-10-28 14:54:57,584 - INFO - Arbitrage Yes/No Spread (Kamala/Kamala): 2.46%
2024-10-28 14:55:58,205 - INFO - Arbitrage No Spread (Trump/Kamala): 2.41%
2024-10-28 14:55:58,206 - INFO - Arbitrage Yes/No Spread (Kamala/Kamala): 2.46%
2024-10-28 14:56:59,056 - INFO - Arbitrage No Spread (Trump/Kamala): 2.41%
2024-10-28 14:56:59,056 - INFO - Arbitrage Yes/No Spread (Kamala/Kamala): 2.41%
2024-10-28 14:57:59,732 - INFO - Arbitrage No Spread (Trump/Kamala): 2.41%
2024-10-28 14:57:59,733 - INFO - Arbitrage Yes/No Spread (Kamala/Kamala): 2.41%
2024-10-28 14:59:00,354 - INFO - Arbitrage No Spread (Trump/Kamala): 2.41%
2024-10-28 14:59:00,355 - INFO - Arbitrage Yes/No Spread (Kamala/Kamala): 2.41%
2024-10-28 15:00:01,029 - INFO - Arbitrage No Spread (Trump/Kamala): 2.41%
2024-10-28 15:00:01,030 - INFO - Arbitrage Yes/No Spread (Kamala/Kamala): 2.41%
2024-10-28 15:01:01,683 - INFO - Arbitrage No Spread (Trump/Kamala): 2.41%
2024-10-28 15:01:01,683 - INFO - Arbitrage Yes/No Spread (Kamala/Kamala): 2.41%
2024-10-28 15:02:02,348 - INFO - Arbitrage No Spread (Trump/Kamala): 2.41%
2024-10-28 15:02:02,349 - INFO - Arbitrage Yes/No Spread (Kamala/Kamala): 2.41%
2024-10-28 15:03:02,987 - INFO - Arbitrage No Spread (Trump/Kamala): 2.41%
2024-10-28 15:03:02,987 - INFO - Arbitrage Yes/No Spread (Kamala/Kamala): 2.35%
2024-10-28 15:04:03,615 - INFO - Arbitrage No Spread (Trump/Kamala): 2.41%
2024-10-28 15:04:03,615 - INFO - Arbitrage Yes/No Spread (Kamala/Kamala): 2.35%
2024-10-28 15:05:04,251 - INFO - Arbitrage No Spread (Trump/Kamala): 2.46%
2024-10-28 15:05:04,251 - INFO - Arbitrage Yes/No Spread (Kamala/Kamala): 2.41%
2024-10-28 15:06:09,907 - INFO - Arbitrage No Spread (Trump/Kamala): 2.46%
2024-10-28 15:06:09,908 - INFO - Arbitrage Yes/No Spread (Kamala/Kamala): 2.41%
2024-10-28 15:07:10,553 - INFO - Arbitrage No Spread (Trump/Kamala): 2.56%
2024-10-28 15:07:10,553 - INFO - Arbitrage Yes/No Spread (Kamala/Kamala): 2.51%
2024-10-28 15:08:11,178 - INFO - Arbitrage No Spread (Trump/Kamala): 2.56%
2024-10-28 15:08:11,178 - INFO - Arbitrage Yes/No Spread (Kamala/Kamala): 2.51%
2024-10-28 15:09:11,908 - INFO - Arbitrage No Spread (Trump/Kamala): 2.51%
2024-10-28 15:09:11,909 - INFO - Arbitrage Yes/No Spread (Kamala/Kamala): 2.51%
2024-10-28 15:10:12,586 - INFO - Arbitrage No Spread (Trump/Kamala): 2.51%
2024-10-28 15:10:12,586 - INFO - Arbitrage Yes/No Spread (Kamala/Kamala): 2.51%
2024-10-28 15:11:13,216 - INFO - Arbitrage No Spread (Trump/Kamala): 2.51%
2024-10-28 15:11:13,216 - INFO - Arbitrage Yes/No Spread (Kamala/Kamala): 2.51%
2024-10-28 15:12:13,928 - INFO - Arbitrage No Spread (Trump/Kamala): 2.51%
2024-10-28 15:12:13,928 - INFO - Arbitrage Yes/No Spread (Kamala/Kamala): 2.51%
2024-10-28 15:13:14,567 - INFO - Arbitrage No Spread (Trump/Kamala): 2.51%
2024-10-28 15:13:14,567 - INFO - Arbitrage Yes/No Spread (Kamala/Kamala): 2.62%
2024-10-28 15:14:15,218 - INFO - Arbitrage No Spread (Trump/Kamala): 2.51%
2024-10-28 15:14:15,218 - INFO - Arbitrage Yes/No Spread (Kamala/Kamala): 2.62%
2024-10-28 15:15:15,882 - INFO - Arbitrage No Spread (Trump/Kamala): 2.51%
2024-10-28 15:15:15,882 - INFO - Arbitrage Yes/No Spread (Kamala/Kamala): 2.46%
2024-10-28 15:16:16,524 - INFO - Arbitrage No Spread (Trump/Kamala): 2.51%
2024-10-28 15:16:16,525 - INFO - Arbitrage Yes/No Spread (Kamala/Kamala): 2.46%
2024-10-28 15:17:17,400 - INFO - Arbitrage No Spread (Trump/Kamala): 2.41%
2024-10-28 15:17:17,401 - INFO - Arbitrage Yes/No Spread (Kamala/Kamala): 2.46%
2024-10-28 15:18:18,025 - INFO - Arbitrage No Spread (Trump/Kamala): 2.41%
2024-10-28 15:18:18,025 - INFO - Arbitrage Yes/No Spread (Kamala/Kamala): 2.46%
2024-10-28 15:19:18,684 - INFO - Arbitrage No Spread (Trump/Kamala): 2.51%
2024-10-28 15:19:18,684 - INFO - Arbitrage Yes/No Spread (Kamala/Kamala): 2.41%
2024-10-28 15:20:19,338 - INFO - Arbitrage No Spread (Trump/Kamala): 2.51%
2024-10-28 15:20:19,338 - INFO - Arbitrage Yes/No Spread (Kamala/Kamala): 2.41%
2024-10-28 15:21:20,006 - INFO - Arbitrage No Spread (Trump/Kamala): 2.46%
2024-10-28 15:21:20,006 - INFO - Arbitrage Yes/No Spread (Kamala/Kamala): 2.46%
2024-10-28 15:22:20,716 - INFO - Arbitrage No Spread (Trump/Kamala): 2.46%
2024-10-28 15:22:20,716 - INFO - Arbitrage Yes/No Spread (Kamala/Kamala): 2.46%
2024-10-28 15:23:21,407 - INFO - Arbitrage No Spread (Trump/Kamala): 2.46%
2024-10-28 15:23:21,408 - INFO - Arbitrage Yes/No Spread (Kamala/Kamala): 2.46%
2024-10-28 15:24:22,019 - INFO - Arbitrage No Spread (Trump/Kamala): 2.46%
2024-10-28 15:24:22,020 - INFO - Arbitrage Yes/No Spread (Kamala/Kamala): 2.46%
2024-10-28 15:25:22,686 - INFO - Arbitrage No Spread (Trump/Kamala): 2.41%
2024-10-28 15:25:22,686 - INFO - Arbitrage Yes/No Spread (Kamala/Kamala): 2.46%
2024-10-28 15:26:23,306 - INFO - Arbitrage No Spread (Trump/Kamala): 2.41%
2024-10-28 15:26:23,306 - INFO - Arbitrage Yes/No Spread (Kamala/Kamala): 2.46%
2024-10-28 15:27:23,960 - INFO - Arbitrage No Spread (Trump/Kamala): 2.41%
2024-10-28 15:27:23,960 - INFO - Arbitrage Yes/No Spread (Kamala/Kamala): 2.46%
2024-10-28 15:28:24,735 - INFO - Arbitrage No Spread (Trump/Kamala): 2.41%
2024-10-28 15:28:24,735 - INFO - Arbitrage Yes/No Spread (Kamala/Kamala): 2.46%
2024-10-28 15:29:25,388 - INFO - Arbitrage No Spread (Trump/Kamala): 2.41%
2024-10-28 15:29:25,388 - INFO - Arbitrage Yes/No Spread (Kamala/Kamala): 2.46%
2024-10-28 15:30:26,010 - INFO - Arbitrage No Spread (Trump/Kamala): 2.41%
2024-10-28 15:30:26,010 - INFO - Arbitrage Yes/No Spread (Kamala/Kamala): 2.46%
2024-10-28 15:31:26,631 - INFO - Arbitrage No Spread (Trump/Kamala): 2.41%
2024-10-28 15:31:26,631 - INFO - Arbitrage Yes/No Spread (Kamala/Kamala): 2.35%
2024-10-28 15:32:27,330 - INFO - Arbitrage No Spread (Trump/Kamala): 2.41%
2024-10-28 15:32:27,330 - INFO - Arbitrage Yes/No Spread (Kamala/Kamala): 2.35%
2024-10-28 15:33:28,064 - INFO - Arbitrage No Spread (Trump/Kamala): 2.41%
2024-10-28 15:33:28,064 - INFO - Arbitrage Yes/No Spread (Kamala/Kamala): 2.3%
2024-10-28 15:34:28,714 - INFO - Arbitrage No Spread (Trump/Kamala): 2.41%
2024-10-28 15:34:28,715 - INFO - Arbitrage Yes/No Spread (Kamala/Kamala): 2.3%
2024-10-28 15:35:29,368 - INFO - Arbitrage No Spread (Trump/Kamala): 2.41%
2024-10-28 15:35:29,368 - INFO - Arbitrage Yes/No Spread (Kamala/Kamala): 2.41%
2024-10-28 15:36:30,023 - INFO - Arbitrage No Spread (Trump/Kamala): 2.41%
2024-10-28 15:36:30,024 - INFO - Arbitrage Yes/No Spread (Kamala/Kamala): 2.41%
2024-10-28 15:37:30,680 - INFO - Arbitrage No Spread (Trump/Kamala): 2.41%
2024-10-28 15:37:30,680 - INFO - Arbitrage Yes/No Spread (Kamala/Kamala): 2.41%
2024-10-28 15:38:31,319 - INFO - Arbitrage No Spread (Trump/Kamala): 2.41%
2024-10-28 15:38:31,319 - INFO - Arbitrage Yes/No Spread (Kamala/Kamala): 2.41%
2024-10-28 15:39:31,934 - INFO - Arbitrage No Spread (Trump/Kamala): 2.41%
2024-10-28 15:39:31,934 - INFO - Arbitrage Yes/No Spread (Kamala/Kamala): 2.35%
2024-10-28 15:40:32,642 - INFO - Arbitrage No Spread (Trump/Kamala): 2.41%
2024-10-28 15:40:32,643 - INFO - Arbitrage Yes/No Spread (Kamala/Kamala): 2.35%
2024-10-28 15:41:33,385 - INFO - Arbitrage No Spread (Trump/Kamala): 2.41%
2024-10-28 15:41:33,385 - INFO - Arbitrage Yes/No Spread (Kamala/Kamala): 2.35%
2024-10-28 15:42:34,087 - INFO - Arbitrage No Spread (Trump/Kamala): 2.41%
2024-10-28 15:42:34,087 - INFO - Arbitrage Yes/No Spread (Kamala/Kamala): 2.35%
2024-10-28 15:43:34,932 - INFO - Arbitrage No Spread (Trump/Kamala): 2.41%
2024-10-28 15:43:34,933 - INFO - Arbitrage Yes/No Spread (Kamala/Kamala): 2.46%
2024-10-28 15:44:35,535 - INFO - Arbitrage No Spread (Trump/Kamala): 2.46%
2024-10-28 15:44:35,536 - INFO - Arbitrage Yes/No Spread (Kamala/Kamala): 2.46%
2024-10-28 15:45:36,265 - INFO - Arbitrage No Spread (Trump/Kamala): 2.46%
2024-10-28 15:45:36,266 - INFO - Arbitrage Yes/No Spread (Kamala/Kamala): 2.46%
2024-10-28 15:46:37,048 - INFO - Arbitrage No Spread (Trump/Kamala): 2.46%
2024-10-28 15:46:37,048 - INFO - Arbitrage Yes/No Spread (Kamala/Kamala): 2.46%
2024-10-28 15:47:37,671 - INFO - Arbitrage No Spread (Trump/Kamala): 2.46%
2024-10-28 15:47:37,671 - INFO - Arbitrage Yes/No Spread (Kamala/Kamala): 2.46%
2024-10-28 15:48:38,294 - INFO - Arbitrage No Spread (Trump/Kamala): 2.46%
2024-10-28 15:48:38,294 - INFO - Arbitrage Yes/No Spread (Kamala/Kamala): 2.46%
2024-10-28 15:49:38,948 - INFO - Arbitrage No Spread (Trump/Kamala): 2.46%
2024-10-28 15:49:38,948 - INFO - Arbitrage Yes/No Spread (Kamala/Kamala): 2.46%
2024-10-28 15:50:39,578 - INFO - Arbitrage No Spread (Trump/Kamala): 2.51%
2024-10-28 15:50:39,578 - INFO - Arbitrage Yes/No Spread (Kamala/Kamala): 2.46%
2024-10-28 15:51:40,225 - INFO - Arbitrage No Spread (Trump/Kamala): 2.51%
2024-10-28 15:51:40,225 - INFO - Arbitrage Yes/No Spread (Kamala/Kamala): 2.46%
2024-10-28 15:52:40,830 - INFO - Arbitrage No Spread (Trump/Kamala): 2.46%
2024-10-28 15:52:40,830 - INFO - Arbitrage Yes/No Spread (Kamala/Kamala): 2.46%
2024-10-28 15:53:41,583 - INFO - Arbitrage No Spread (Trump/Kamala): 2.46%
2024-10-28 15:53:41,584 - INFO - Arbitrage Yes/No Spread (Kamala/Kamala): 2.46%
2024-10-28 15:54:42,341 - INFO - Arbitrage No Spread (Trump/Kamala): 2.46%
2024-10-28 15:54:42,341 - INFO - Arbitrage Yes/No Spread (Kamala/Kamala): 2.46%
2024-10-28 15:55:43,010 - INFO - Arbitrage No Spread (Trump/Kamala): 2.46%
2024-10-28 15:55:43,010 - INFO - Arbitrage Yes/No Spread (Kamala/Kamala): 2.46%
2024-10-28 15:56:43,655 - INFO - Arbitrage No Spread (Trump/Kamala): 2.46%
2024-10-28 15:56:43,656 - INFO - Arbitrage Yes/No Spread (Kamala/Kamala): 2.46%
2024-10-28 15:57:44,350 - INFO - Arbitrage No Spread (Trump/Kamala): 2.46%
2024-10-28 15:57:44,350 - INFO - Arbitrage Yes/No Spread (Kamala/Kamala): 2.46%
2024-10-28 15:58:45,027 - INFO - Arbitrage No Spread (Trump/Kamala): 2.46%
2024-10-28 15:58:45,027 - INFO - Arbitrage Yes/No Spread (Kamala/Kamala): 2.46%
2024-10-28 15:59:45,693 - INFO - Arbitrage No Spread (Trump/Kamala): 2.46%
2024-10-28 15:59:45,693 - INFO - Arbitrage Yes/No Spread (Kamala/Kamala): 2.46%
2024-10-28 16:00:46,307 - INFO - Arbitrage No Spread (Trump/Kamala): 2.46%
2024-10-28 16:00:46,307 - INFO - Arbitrage Yes/No Spread (Kamala/Kamala): 2.51%
2024-10-28 16:01:46,986 - INFO - Arbitrage No Spread (Trump/Kamala): 2.46%
2024-10-28 16:01:46,987 - INFO - Arbitrage Yes/No Spread (Kamala/Kamala): 2.51%
2024-10-28 16:02:47,619 - INFO - Arbitrage No Spread (Trump/Kamala): 2.46%
2024-10-28 16:02:47,620 - INFO - Arbitrage Yes/No Spread (Kamala/Kamala): 2.46%
2024-10-28 16:03:48,294 - INFO - Arbitrage No Spread (Trump/Kamala): 2.46%
2024-10-28 16:03:48,295 - INFO - Arbitrage Yes/No Spread (Kamala/Kamala): 2.46%
2024-10-28 16:04:49,029 - INFO - Arbitrage No Spread (Trump/Kamala): 2.46%
2024-10-28 16:04:49,029 - INFO - Arbitrage Yes/No Spread (Kamala/Kamala): 2.41%
2024-10-28 16:05:49,660 - INFO - Arbitrage No Spread (Trump/Kamala): 2.46%
2024-10-28 16:05:49,661 - INFO - Arbitrage Yes/No Spread (Kamala/Kamala): 2.41%
2024-10-28 16:06:53,573 - INFO - Arbitrage No Spread (Trump/Kamala): 2.51%
2024-10-28 16:06:53,574 - INFO - Arbitrage Yes/No Spread (Kamala/Kamala): 2.46%
2024-10-28 16:07:54,255 - INFO - Arbitrage No Spread (Trump/Kamala): 2.51%
2024-10-28 16:07:54,255 - INFO - Arbitrage Yes/No Spread (Kamala/Kamala): 2.46%
2024-10-28 16:08:54,887 - INFO - Arbitrage No Spread (Trump/Kamala): 2.46%
2024-10-28 16:08:54,887 - INFO - Arbitrage Yes/No Spread (Kamala/Kamala): 2.46%
2024-10-28 16:09:55,541 - INFO - Arbitrage No Spread (Trump/Kamala): 2.46%
2024-10-28 16:09:55,541 - INFO - Arbitrage Yes/No Spread (Kamala/Kamala): 2.46%
2024-10-28 16:10:56,196 - INFO - Arbitrage No Spread (Trump/Kamala): 2.46%
2024-10-28 16:10:56,196 - INFO - Arbitrage Yes/No Spread (Kamala/Kamala): 2.51%
2024-10-28 16:11:56,844 - INFO - Arbitrage No Spread (Trump/Kamala): 2.46%
2024-10-28 16:11:56,844 - INFO - Arbitrage Yes/No Spread (Kamala/Kamala): 2.51%
2024-10-28 16:12:57,540 - INFO - Arbitrage No Spread (Trump/Kamala): 2.51%
2024-10-28 16:12:57,541 - INFO - Arbitrage Yes/No Spread (Kamala/Kamala): 2.41%
2024-10-28 16:13:58,236 - INFO - Arbitrage No Spread (Trump/Kamala): 2.51%
2024-10-28 16:13:58,237 - INFO - Arbitrage Yes/No Spread (Kamala/Kamala): 2.41%
2024-10-28 16:14:58,843 - INFO - Arbitrage No Spread (Trump/Kamala): 2.46%
2024-10-28 16:14:58,843 - INFO - Arbitrage Yes/No Spread (Kamala/Kamala): 2.41%
2024-10-28 16:15:59,507 - INFO - Arbitrage No Spread (Trump/Kamala): 2.46%
2024-10-28 16:15:59,507 - INFO - Arbitrage Yes/No Spread (Kamala/Kamala): 2.41%
2024-10-28 16:17:00,300 - INFO - Arbitrage No Spread (Trump/Kamala): 2.46%
2024-10-28 16:17:00,300 - INFO - Arbitrage Yes/No Spread (Kamala/Kamala): 2.41%
2024-10-28 16:18:01,000 - INFO - Arbitrage No Spread (Trump/Kamala): 2.46%
2024-10-28 16:18:01,001 - INFO - Arbitrage Yes/No Spread (Kamala/Kamala): 2.41%
2024-10-28 16:19:01,712 - INFO - Arbitrage No Spread (Trump/Kamala): 2.41%
2024-10-28 16:19:01,712 - INFO - Arbitrage Yes/No Spread (Kamala/Kamala): 2.41%
2024-10-28 16:20:02,357 - INFO - Arbitrage No Spread (Trump/Kamala): 2.41%
2024-10-28 16:20:02,357 - INFO - Arbitrage Yes/No Spread (Kamala/Kamala): 2.41%
2024-10-28 16:21:03,148 - INFO - Arbitrage No Spread (Trump/Kamala): 2.41%
2024-10-28 16:21:03,149 - INFO - Arbitrage Yes/No Spread (Kamala/Kamala): 2.35%
2024-10-28 16:22:03,793 - INFO - Arbitrage No Spread (Trump/Kamala): 2.41%
2024-10-28 16:22:03,793 - INFO - Arbitrage Yes/No Spread (Kamala/Kamala): 2.35%
2024-10-28 16:23:04,460 - INFO - Arbitrage No Spread (Trump/Kamala): 2.41%
2024-10-28 16:23:04,460 - INFO - Arbitrage Yes/No Spread (Kamala/Kamala): 2.35%
2024-10-28 16:24:05,092 - INFO - Arbitrage No Spread (Trump/Kamala): 2.41%
2024-10-28 16:24:05,093 - INFO - Arbitrage Yes/No Spread (Kamala/Kamala): 2.35%
2024-10-28 16:25:05,722 - INFO - Arbitrage No Spread (Trump/Kamala): 2.41%
2024-10-28 16:25:05,722 - INFO - Arbitrage Yes/No Spread (Kamala/Kamala): 2.35%
2024-10-28 16:26:06,446 - INFO - Arbitrage No Spread (Trump/Kamala): 2.41%
2024-10-28 16:26:06,447 - INFO - Arbitrage Yes/No Spread (Kamala/Kamala): 2.35%
2024-10-28 16:27:07,069 - INFO - Arbitrage No Spread (Trump/Kamala): 2.41%
2024-10-28 16:27:07,069 - INFO - Arbitrage Yes/No Spread (Kamala/Kamala): 2.35%
2024-10-28 16:28:07,828 - INFO - Arbitrage No Spread (Trump/Kamala): 2.41%
2024-10-28 16:28:07,829 - INFO - Arbitrage Yes/No Spread (Kamala/Kamala): 2.35%
2024-10-28 16:29:08,671 - INFO - Arbitrage No Spread (Trump/Kamala): 2.41%
2024-10-28 16:29:08,671 - INFO - Arbitrage Yes/No Spread (Kamala/Kamala): 2.35%
2024-10-28 16:30:09,362 - INFO - Arbitrage No Spread (Trump/Kamala): 2.41%
2024-10-28 16:30:09,363 - INFO - Arbitrage Yes/No Spread (Kamala/Kamala): 2.35%
2024-10-28 16:31:10,007 - INFO - Arbitrage No Spread (Trump/Kamala): 2.41%
2024-10-28 16:31:10,007 - INFO - Arbitrage Yes/No Spread (Kamala/Kamala): 2.35%
2024-10-28 16:32:10,694 - INFO - Arbitrage No Spread (Trump/Kamala): 2.41%
2024-10-28 16:32:10,694 - INFO - Arbitrage Yes/No Spread (Kamala/Kamala): 2.35%
2024-10-28 16:33:11,351 - INFO - Arbitrage No Spread (Trump/Kamala): 2.41%
2024-10-28 16:33:11,351 - INFO - Arbitrage Yes/No Spread (Kamala/Kamala): 2.35%
2024-10-28 16:34:12,039 - INFO - Arbitrage No Spread (Trump/Kamala): 2.41%
2024-10-28 16:34:12,040 - INFO - Arbitrage Yes/No Spread (Kamala/Kamala): 2.35%
2024-10-28 16:35:12,675 - INFO - Arbitrage No Spread (Trump/Kamala): 2.41%
2024-10-28 16:35:12,675 - INFO - Arbitrage Yes/No Spread (Kamala/Kamala): 2.35%
2024-10-28 16:36:13,331 - INFO - Arbitrage No Spread (Trump/Kamala): 2.41%
2024-10-28 16:36:13,331 - INFO - Arbitrage Yes/No Spread (Kamala/Kamala): 2.35%
2024-10-28 16:37:14,086 - INFO - Arbitrage No Spread (Trump/Kamala): 2.41%
2024-10-28 16:37:14,087 - INFO - Arbitrage Yes/No Spread (Kamala/Kamala): 2.35%
2024-10-28 16:38:14,873 - INFO - Arbitrage No Spread (Trump/Kamala): 2.41%
2024-10-28 16:38:14,874 - INFO - Arbitrage Yes/No Spread (Kamala/Kamala): 2.35%
2024-10-28 16:39:15,533 - INFO - Arbitrage No Spread (Trump/Kamala): 2.41%
2024-10-28 16:39:15,533 - INFO - Arbitrage Yes/No Spread (Kamala/Kamala): 2.35%
2024-10-28 16:40:16,333 - INFO - Arbitrage No Spread (Trump/Kamala): 2.41%
2024-10-28 16:40:16,333 - INFO - Arbitrage Yes/No Spread (Kamala/Kamala): 2.35%
2024-10-28 16:41:17,030 - INFO - Arbitrage No Spread (Trump/Kamala): 2.41%
2024-10-28 16:41:17,031 - INFO - Arbitrage Yes/No Spread (Kamala/Kamala): 2.35%
2024-10-28 16:42:17,654 - INFO - Arbitrage No Spread (Trump/Kamala): 2.41%
2024-10-28 16:42:17,654 - INFO - Arbitrage Yes/No Spread (Kamala/Kamala): 2.35%
2024-10-28 16:43:18,271 - INFO - Arbitrage No Spread (Trump/Kamala): 2.41%
2024-10-28 16:43:18,272 - INFO - Arbitrage Yes/No Spread (Kamala/Kamala): 2.35%
2024-10-28 16:44:18,918 - INFO - Arbitrage No Spread (Trump/Kamala): 2.41%
2024-10-28 16:44:18,918 - INFO - Arbitrage Yes/No Spread (Kamala/Kamala): 2.35%
2024-10-28 16:45:19,543 - INFO - Arbitrage No Spread (Trump/Kamala): 2.41%
2024-10-28 16:45:19,543 - INFO - Arbitrage Yes/No Spread (Kamala/Kamala): 2.35%
2024-10-28 16:46:20,179 - INFO - Arbitrage No Spread (Trump/Kamala): 2.41%
2024-10-28 16:46:20,180 - INFO - Arbitrage Yes/No Spread (Kamala/Kamala): 2.35%
2024-10-28 16:47:20,887 - INFO - Arbitrage No Spread (Trump/Kamala): 2.46%
2024-10-28 16:47:20,887 - INFO - Arbitrage Yes/No Spread (Kamala/Kamala): 2.35%
2024-10-28 16:48:21,573 - INFO - Arbitrage No Spread (Trump/Kamala): 2.46%
2024-10-28 16:48:21,574 - INFO - Arbitrage Yes/No Spread (Kamala/Kamala): 2.35%
2024-10-28 16:49:22,193 - INFO - Arbitrage No Spread (Trump/Kamala): 2.41%
2024-10-28 16:49:22,193 - INFO - Arbitrage Yes/No Spread (Kamala/Kamala): 2.35%
2024-10-28 16:50:22,978 - INFO - Arbitrage No Spread (Trump/Kamala): 2.41%
2024-10-28 16:50:22,979 - INFO - Arbitrage Yes/No Spread (Kamala/Kamala): 2.35%
2024-10-28 16:51:23,613 - INFO - Arbitrage No Spread (Trump/Kamala): 2.41%
2024-10-28 16:51:23,614 - INFO - Arbitrage Yes/No Spread (Kamala/Kamala): 2.3%
2024-10-28 16:52:24,404 - INFO - Arbitrage No Spread (Trump/Kamala): 2.41%
2024-10-28 16:52:24,404 - INFO - Arbitrage Yes/No Spread (Kamala/Kamala): 2.3%
2024-10-28 16:53:25,045 - INFO - Arbitrage No Spread (Trump/Kamala): 2.41%
2024-10-28 16:53:25,045 - INFO - Arbitrage Yes/No Spread (Kamala/Kamala): 2.3%
2024-10-28 16:54:25,690 - INFO - Arbitrage No Spread (Trump/Kamala): 2.41%
2024-10-28 16:54:25,690 - INFO - Arbitrage Yes/No Spread (Kamala/Kamala): 2.3%
2024-10-28 16:55:26,302 - INFO - Arbitrage No Spread (Trump/Kamala): 2.51%
2024-10-28 16:55:26,303 - INFO - Arbitrage Yes/No Spread (Kamala/Kamala): 2.41%
2024-10-28 16:56:26,946 - INFO - Arbitrage No Spread (Trump/Kamala): 2.51%
2024-10-28 16:56:26,946 - INFO - Arbitrage Yes/No Spread (Kamala/Kamala): 2.41%
2024-10-28 16:57:27,582 - INFO - Arbitrage No Spread (Trump/Kamala): 2.51%
2024-10-28 16:57:27,582 - INFO - Arbitrage Yes/No Spread (Kamala/Kamala): 2.41%
2024-10-28 16:58:28,215 - INFO - Arbitrage No Spread (Trump/Kamala): 2.51%
2024-10-28 16:58:28,215 - INFO - Arbitrage Yes/No Spread (Kamala/Kamala): 2.41%
2024-10-28 16:59:28,875 - INFO - Arbitrage No Spread (Trump/Kamala): 2.51%
2024-10-28 16:59:28,875 - INFO - Arbitrage Yes/No Spread (Kamala/Kamala): 2.41%
2024-10-28 17:00:29,633 - INFO - Arbitrage No Spread (Trump/Kamala): 2.51%
2024-10-28 17:00:29,634 - INFO - Arbitrage Yes/No Spread (Kamala/Kamala): 2.41%
2024-10-28 17:01:30,246 - INFO - Arbitrage No Spread (Trump/Kamala): 2.51%
2024-10-28 17:01:30,246 - INFO - Arbitrage Yes/No Spread (Kamala/Kamala): 2.41%
2024-10-28 17:02:31,040 - INFO - Arbitrage No Spread (Trump/Kamala): 2.51%
2024-10-28 17:02:31,041 - INFO - Arbitrage Yes/No Spread (Kamala/Kamala): 2.41%
2024-10-28 17:03:31,835 - INFO - Arbitrage No Spread (Trump/Kamala): 2.51%
2024-10-28 17:03:31,836 - INFO - Arbitrage Yes/No Spread (Kamala/Kamala): 2.41%
2024-10-28 17:04:32,499 - INFO - Arbitrage No Spread (Trump/Kamala): 2.51%
2024-10-28 17:04:32,499 - INFO - Arbitrage Yes/No Spread (Kamala/Kamala): 2.41%
2024-10-28 17:05:33,142 - INFO - Arbitrage No Spread (Trump/Kamala): 2.51%
2024-10-28 17:05:33,142 - INFO - Arbitrage Yes/No Spread (Kamala/Kamala): 2.41%
2024-10-28 17:06:33,820 - INFO - Arbitrage No Spread (Trump/Kamala): 2.51%
2024-10-28 17:06:33,820 - INFO - Arbitrage Yes/No Spread (Kamala/Kamala): 2.41%
2024-10-28 17:07:34,538 - INFO - Arbitrage No Spread (Trump/Kamala): 2.51%
2024-10-28 17:07:34,538 - INFO - Arbitrage Yes/No Spread (Kamala/Kamala): 2.51%
2024-10-28 17:08:35,151 - INFO - Arbitrage No Spread (Trump/Kamala): 2.51%
2024-10-28 17:08:35,151 - INFO - Arbitrage Yes/No Spread (Kamala/Kamala): 2.51%
2024-10-28 17:09:35,798 - INFO - Arbitrage No Spread (Trump/Kamala): 2.51%
2024-10-28 17:09:35,798 - INFO - Arbitrage Yes/No Spread (Kamala/Kamala): 2.62%
2024-10-28 17:10:36,548 - INFO - Arbitrage No Spread (Trump/Kamala): 2.51%
2024-10-28 17:10:36,548 - INFO - Arbitrage Yes/No Spread (Kamala/Kamala): 2.62%
2024-10-28 17:11:37,321 - INFO - Arbitrage No Spread (Trump/Kamala): 2.62%
2024-10-28 17:11:37,321 - INFO - Arbitrage Yes/No Spread (Kamala/Kamala): 2.62%
2024-10-28 17:12:37,982 - INFO - Arbitrage No Spread (Trump/Kamala): 2.62%
2024-10-28 17:12:37,982 - INFO - Arbitrage Yes/No Spread (Kamala/Kamala): 2.62%
2024-10-28 17:13:38,647 - INFO - Arbitrage No Spread (Trump/Kamala): 2.62%
2024-10-28 17:13:38,648 - INFO - Arbitrage Yes/No Spread (Kamala/Kamala): 2.62%
2024-10-28 17:14:39,290 - INFO - Arbitrage No Spread (Trump/Kamala): 2.62%
2024-10-28 17:14:39,290 - INFO - Arbitrage Yes/No Spread (Kamala/Kamala): 2.62%
2024-10-28 17:15:39,984 - INFO - Arbitrage No Spread (Trump/Kamala): 2.72%
2024-10-28 17:15:39,984 - INFO - Arbitrage Yes/No Spread (Kamala/Kamala): 2.62%
2024-10-28 17:16:40,752 - INFO - Arbitrage No Spread (Trump/Kamala): 2.72%
2024-10-28 17:16:40,752 - INFO - Arbitrage Yes/No Spread (Kamala/Kamala): 2.62%
2024-10-28 17:17:41,409 - INFO - Arbitrage No Spread (Trump/Kamala): 2.72%
2024-10-28 17:17:41,410 - INFO - Arbitrage Yes/No Spread (Kamala/Kamala): 2.62%
2024-10-28 17:18:42,034 - INFO - Arbitrage No Spread (Trump/Kamala): 2.67%
2024-10-28 17:18:42,034 - INFO - Arbitrage Yes/No Spread (Kamala/Kamala): 2.72%
2024-10-28 17:19:42,631 - INFO - Arbitrage No Spread (Trump/Kamala): 2.67%
2024-10-28 17:19:42,631 - INFO - Arbitrage Yes/No Spread (Kamala/Kamala): 2.72%
2024-10-28 17:20:43,264 - INFO - Arbitrage No Spread (Trump/Kamala): 2.72%
2024-10-28 17:20:43,264 - INFO - Arbitrage Yes/No Spread (Kamala/Kamala): 2.72%
2024-10-28 17:21:43,906 - INFO - Arbitrage No Spread (Trump/Kamala): 2.72%
2024-10-28 17:21:43,907 - INFO - Arbitrage Yes/No Spread (Kamala/Kamala): 2.72%
2024-10-28 17:22:44,532 - INFO - Arbitrage No Spread (Trump/Kamala): 2.67%
2024-10-28 17:22:44,532 - INFO - Arbitrage Yes/No Spread (Kamala/Kamala): 2.72%
2024-10-28 17:23:45,193 - INFO - Arbitrage No Spread (Trump/Kamala): 2.67%
2024-10-28 17:23:45,193 - INFO - Arbitrage Yes/No Spread (Kamala/Kamala): 2.72%
2024-10-28 17:24:45,838 - INFO - Arbitrage No Spread (Trump/Kamala): 2.67%
2024-10-28 17:24:45,838 - INFO - Arbitrage Yes/No Spread (Kamala/Kamala): 2.72%
2024-10-28 17:25:46,442 - INFO - Arbitrage No Spread (Trump/Kamala): 2.67%
2024-10-28 17:25:46,443 - INFO - Arbitrage Yes/No Spread (Kamala/Kamala): 2.72%
2024-10-28 17:26:47,090 - INFO - Arbitrage No Spread (Trump/Kamala): 2.67%
2024-10-28 17:26:47,091 - INFO - Arbitrage Yes/No Spread (Kamala/Kamala): 2.72%
2024-10-28 17:27:47,747 - INFO - Arbitrage No Spread (Trump/Kamala): 2.67%
2024-10-28 17:27:47,747 - INFO - Arbitrage Yes/No Spread (Kamala/Kamala): 2.72%
2024-10-28 17:28:48,362 - INFO - Arbitrage No Spread (Trump/Kamala): 2.83%
2024-10-28 17:28:48,363 - INFO - Arbitrage Yes/No Spread (Kamala/Kamala): 2.99%
2024-10-28 17:29:49,076 - INFO - Arbitrage No Spread (Trump/Kamala): 2.83%
2024-10-28 17:29:49,076 - INFO - Arbitrage Yes/No Spread (Kamala/Kamala): 2.99%
2024-10-28 17:30:49,728 - INFO - Arbitrage No Spread (Trump/Kamala): 3.63%
2024-10-28 17:30:49,728 - INFO - Arbitrage Yes/No Spread (Kamala/Kamala): 3.9%
2024-10-28 17:31:50,354 - INFO - Arbitrage No Spread (Trump/Kamala): 3.63%
2024-10-28 17:31:50,354 - INFO - Arbitrage Yes/No Spread (Kamala/Kamala): 3.9%
2024-10-28 17:32:51,175 - INFO - Arbitrage No Spread (Trump/Kamala): 3.79%
2024-10-28 17:32:51,175 - INFO - Arbitrage Yes/No Spread (Kamala/Kamala): 3.9%
2024-10-28 17:33:51,793 - INFO - Arbitrage No Spread (Trump/Kamala): 3.79%
2024-10-28 17:33:51,794 - INFO - Arbitrage Yes/No Spread (Kamala/Kamala): 3.9%
2024-10-28 17:34:52,483 - INFO - Arbitrage No Spread (Trump/Kamala): 3.9%
2024-10-28 17:34:52,483 - INFO - Arbitrage Yes/No Spread (Kamala/Kamala): 3.9%
2024-10-28 17:35:53,228 - INFO - Arbitrage No Spread (Trump/Kamala): 3.9%
2024-10-28 17:35:53,228 - INFO - Arbitrage Yes/No Spread (Kamala/Kamala): 3.9%
2024-10-28 17:36:53,921 - INFO - Arbitrage No Spread (Trump/Kamala): 3.9%
2024-10-28 17:36:53,921 - INFO - Arbitrage Yes/No Spread (Kamala/Kamala): 3.9%
2024-10-28 17:37:54,577 - INFO - Arbitrage No Spread (Trump/Kamala): 3.9%
2024-10-28 17:37:54,577 - INFO - Arbitrage Yes/No Spread (Kamala/Kamala): 3.9%
2024-10-28 17:38:55,254 - INFO - Arbitrage No Spread (Trump/Kamala): 3.9%
2024-10-28 17:38:55,255 - INFO - Arbitrage Yes/No Spread (Kamala/Kamala): 3.79%
2024-10-28 17:39:55,832 - INFO - Arbitrage No Spread (Trump/Kamala): 3.9%
2024-10-28 17:39:55,832 - INFO - Arbitrage Yes/No Spread (Kamala/Kamala): 3.79%
2024-10-28 17:40:56,427 - INFO - Arbitrage No Spread (Trump/Kamala): 3.9%
2024-10-28 17:40:56,427 - INFO - Arbitrage Yes/No Spread (Kamala/Kamala): 3.95%
2024-10-28 17:41:57,056 - INFO - Arbitrage No Spread (Trump/Kamala): 3.9%
2024-10-28 17:41:57,056 - INFO - Arbitrage Yes/No Spread (Kamala/Kamala): 3.95%
2024-10-28 17:42:57,657 - INFO - Arbitrage No Spread (Trump/Kamala): 3.9%
2024-10-28 17:42:57,657 - INFO - Arbitrage Yes/No Spread (Kamala/Kamala): 3.84%
2024-10-28 17:43:58,235 - INFO - Arbitrage No Spread (Trump/Kamala): 3.9%
2024-10-28 17:43:58,235 - INFO - Arbitrage Yes/No Spread (Kamala/Kamala): 3.84%
2024-10-28 17:44:58,825 - INFO - Arbitrage No Spread (Trump/Kamala): 3.9%
2024-10-28 17:44:58,825 - INFO - Arbitrage Yes/No Spread (Kamala/Kamala): 3.84%
2024-10-28 17:45:59,446 - INFO - Arbitrage No Spread (Trump/Kamala): 3.9%
2024-10-28 17:45:59,447 - INFO - Arbitrage Yes/No Spread (Kamala/Kamala): 3.84%
2024-10-28 17:47:00,045 - INFO - Arbitrage No Spread (Trump/Kamala): 3.79%
2024-10-28 17:47:00,046 - INFO - Arbitrage Yes/No Spread (Kamala/Kamala): 3.84%
2024-10-28 17:48:00,676 - INFO - Arbitrage No Spread (Trump/Kamala): 3.79%
2024-10-28 17:48:00,676 - INFO - Arbitrage Yes/No Spread (Kamala/Kamala): 3.84%
2024-10-28 17:49:01,270 - INFO - Arbitrage No Spread (Trump/Kamala): 3.79%
2024-10-28 17:49:01,270 - INFO - Arbitrage Yes/No Spread (Kamala/Kamala): 3.79%
2024-10-28 17:50:02,016 - INFO - Arbitrage No Spread (Trump/Kamala): 3.79%
2024-10-28 17:50:02,017 - INFO - Arbitrage Yes/No Spread (Kamala/Kamala): 3.79%
2024-10-28 17:51:02,735 - INFO - Arbitrage No Spread (Trump/Kamala): 3.79%
2024-10-28 17:51:02,735 - INFO - Arbitrage Yes/No Spread (Kamala/Kamala): 3.79%
2024-10-28 17:52:03,324 - INFO - Arbitrage No Spread (Trump/Kamala): 3.79%
2024-10-28 17:52:03,324 - INFO - Arbitrage Yes/No Spread (Kamala/Kamala): 3.79%
2024-10-28 17:53:03,954 - INFO - Arbitrage No Spread (Trump/Kamala): 3.79%
2024-10-28 17:53:03,955 - INFO - Arbitrage Yes/No Spread (Kamala/Kamala): 3.79%
2024-10-28 17:54:04,624 - INFO - Arbitrage No Spread (Trump/Kamala): 3.79%
2024-10-28 17:54:04,625 - INFO - Arbitrage Yes/No Spread (Kamala/Kamala): 3.79%
2024-10-28 17:55:05,231 - INFO - Arbitrage No Spread (Trump/Kamala): 3.79%
2024-10-28 17:55:05,232 - INFO - Arbitrage Yes/No Spread (Kamala/Kamala): 3.84%
2024-10-28 17:56:05,826 - INFO - Arbitrage No Spread (Trump/Kamala): 3.79%
2024-10-28 17:56:05,826 - INFO - Arbitrage Yes/No Spread (Kamala/Kamala): 3.84%
2024-10-28 17:57:06,417 - INFO - Arbitrage No Spread (Trump/Kamala): 3.79%
2024-10-28 17:57:06,417 - INFO - Arbitrage Yes/No Spread (Kamala/Kamala): 3.84%
2024-10-28 17:58:07,033 - INFO - Arbitrage No Spread (Trump/Kamala): 3.79%
2024-10-28 17:58:07,034 - INFO - Arbitrage Yes/No Spread (Kamala/Kamala): 3.84%
2024-10-28 17:59:07,701 - INFO - Arbitrage No Spread (Trump/Kamala): 3.57%
2024-10-28 17:59:07,702 - INFO - Arbitrage Yes/No Spread (Kamala/Kamala): 3.79%
2024-10-28 18:00:08,372 - INFO - Arbitrage No Spread (Trump/Kamala): 3.57%
2024-10-28 18:00:08,373 - INFO - Arbitrage Yes/No Spread (Kamala/Kamala): 3.79%
2024-10-28 18:01:08,970 - INFO - Arbitrage No Spread (Trump/Kamala): 3.57%
2024-10-28 18:01:08,970 - INFO - Arbitrage Yes/No Spread (Kamala/Kamala): 3.79%
2024-10-28 18:02:09,710 - INFO - Arbitrage No Spread (Trump/Kamala): 3.57%
2024-10-28 18:02:09,710 - INFO - Arbitrage Yes/No Spread (Kamala/Kamala): 3.79%
2024-10-28 18:03:10,313 - INFO - Arbitrage No Spread (Trump/Kamala): 3.47%
2024-10-28 18:03:10,314 - INFO - Arbitrage Yes/No Spread (Kamala/Kamala): 3.73%
2024-10-28 18:04:10,975 - INFO - Arbitrage No Spread (Trump/Kamala): 3.47%
2024-10-28 18:04:10,975 - INFO - Arbitrage Yes/No Spread (Kamala/Kamala): 3.73%
2024-10-28 18:05:11,626 - INFO - Arbitrage No Spread (Trump/Kamala): 3.73%
2024-10-28 18:05:11,627 - INFO - Arbitrage Yes/No Spread (Kamala/Kamala): 3.9%
2024-10-28 18:06:12,290 - INFO - Arbitrage No Spread (Trump/Kamala): 3.73%
2024-10-28 18:06:12,291 - INFO - Arbitrage Yes/No Spread (Kamala/Kamala): 3.9%
2024-10-28 18:07:12,899 - INFO - Arbitrage No Spread (Trump/Kamala): 3.79%
2024-10-28 18:07:12,899 - INFO - Arbitrage Yes/No Spread (Kamala/Kamala): 3.84%
2024-10-28 18:08:13,495 - INFO - Arbitrage No Spread (Trump/Kamala): 3.79%
2024-10-28 18:08:13,496 - INFO - Arbitrage Yes/No Spread (Kamala/Kamala): 3.84%
2024-10-28 18:09:14,155 - INFO - Arbitrage No Spread (Trump/Kamala): 3.79%
2024-10-28 18:09:14,155 - INFO - Arbitrage Yes/No Spread (Kamala/Kamala): 3.84%
2024-10-28 18:10:14,745 - INFO - Arbitrage No Spread (Trump/Kamala): 3.79%
2024-10-28 18:10:14,745 - INFO - Arbitrage Yes/No Spread (Kamala/Kamala): 3.84%
2024-10-28 18:11:15,384 - INFO - Arbitrage No Spread (Trump/Kamala): 3.79%
2024-10-28 18:11:15,384 - INFO - Arbitrage Yes/No Spread (Kamala/Kamala): 3.84%
2024-10-28 18:12:16,062 - INFO - Arbitrage No Spread (Trump/Kamala): 3.79%
2024-10-28 18:12:16,062 - INFO - Arbitrage Yes/No Spread (Kamala/Kamala): 3.84%
2024-10-28 18:13:16,766 - INFO - Arbitrage No Spread (Trump/Kamala): 3.84%
2024-10-28 18:13:16,766 - INFO - Arbitrage Yes/No Spread (Kamala/Kamala): 3.84%
2024-10-28 18:14:17,456 - INFO - Arbitrage No Spread (Trump/Kamala): 3.84%
2024-10-28 18:14:17,457 - INFO - Arbitrage Yes/No Spread (Kamala/Kamala): 3.84%
2024-10-28 18:15:18,088 - INFO - Arbitrage No Spread (Trump/Kamala): 3.9%
2024-10-28 18:15:18,088 - INFO - Arbitrage Yes/No Spread (Kamala/Kamala): 3.9%
2024-10-28 18:16:18,752 - INFO - Arbitrage No Spread (Trump/Kamala): 3.9%
2024-10-28 18:16:18,753 - INFO - Arbitrage Yes/No Spread (Kamala/Kamala): 3.9%
2024-10-28 18:17:19,357 - INFO - Arbitrage No Spread (Trump/Kamala): 3.9%
2024-10-28 18:17:19,357 - INFO - Arbitrage Yes/No Spread (Kamala/Kamala): 3.9%
2024-10-28 18:18:20,086 - INFO - Arbitrage No Spread (Trump/Kamala): 3.9%
2024-10-28 18:18:20,086 - INFO - Arbitrage Yes/No Spread (Kamala/Kamala): 3.9%
2024-10-28 18:19:20,736 - INFO - Arbitrage No Spread (Trump/Kamala): 3.95%
2024-10-28 18:19:20,736 - INFO - Arbitrage Yes/No Spread (Kamala/Kamala): 3.9%
2024-10-28 18:20:21,407 - INFO - Arbitrage No Spread (Trump/Kamala): 3.95%
2024-10-28 18:20:21,407 - INFO - Arbitrage Yes/No Spread (Kamala/Kamala): 3.9%
2024-10-28 18:21:22,025 - INFO - Arbitrage No Spread (Trump/Kamala): 3.95%
2024-10-28 18:21:22,025 - INFO - Arbitrage Yes/No Spread (Kamala/Kamala): 3.9%
2024-10-28 18:22:22,699 - INFO - Arbitrage No Spread (Trump/Kamala): 3.95%
2024-10-28 18:22:22,699 - INFO - Arbitrage Yes/No Spread (Kamala/Kamala): 3.9%
2024-10-28 18:23:23,310 - INFO - Arbitrage No Spread (Trump/Kamala): 3.95%
2024-10-28 18:23:23,311 - INFO - Arbitrage Yes/No Spread (Kamala/Kamala): 3.84%
2024-10-28 18:24:23,949 - INFO - Arbitrage No Spread (Trump/Kamala): 3.95%
2024-10-28 18:24:23,949 - INFO - Arbitrage Yes/No Spread (Kamala/Kamala): 3.84%
2024-10-28 18:25:24,572 - INFO - Arbitrage No Spread (Trump/Kamala): 4.0%
2024-10-28 18:25:24,572 - INFO - Arbitrage Yes/No Spread (Kamala/Kamala): 3.9%
2024-10-28 18:26:25,191 - INFO - Arbitrage No Spread (Trump/Kamala): 4.0%
2024-10-28 18:26:25,191 - INFO - Arbitrage Yes/No Spread (Kamala/Kamala): 3.9%
2024-10-28 18:27:25,778 - INFO - Arbitrage No Spread (Trump/Kamala): 4.0%
2024-10-28 18:27:25,778 - INFO - Arbitrage Yes/No Spread (Kamala/Kamala): 4.06%
2024-10-28 18:28:26,490 - INFO - Arbitrage No Spread (Trump/Kamala): 4.0%
2024-10-28 18:28:26,490 - INFO - Arbitrage Yes/No Spread (Kamala/Kamala): 4.06%
2024-10-28 18:29:27,081 - INFO - Arbitrage No Spread (Trump/Kamala): 4.0%
2024-10-28 18:29:27,081 - INFO - Arbitrage Yes/No Spread (Kamala/Kamala): 4.06%
2024-10-28 18:30:27,666 - INFO - Arbitrage No Spread (Trump/Kamala): 4.0%
2024-10-28 18:30:27,667 - INFO - Arbitrage Yes/No Spread (Kamala/Kamala): 4.06%
2024-10-28 18:31:28,324 - INFO - Arbitrage No Spread (Trump/Kamala): 4.0%
2024-10-28 18:31:28,324 - INFO - Arbitrage Yes/No Spread (Kamala/Kamala): 4.06%
2024-10-28 18:32:29,010 - INFO - Arbitrage No Spread (Trump/Kamala): 4.0%
2024-10-28 18:32:29,011 - INFO - Arbitrage Yes/No Spread (Kamala/Kamala): 4.06%
2024-10-28 18:33:29,672 - INFO - Arbitrage No Spread (Trump/Kamala): 4.0%
2024-10-28 18:33:29,673 - INFO - Arbitrage Yes/No Spread (Kamala/Kamala): 4.06%
2024-10-28 18:34:30,253 - INFO - Arbitrage No Spread (Trump/Kamala): 4.0%
2024-10-28 18:34:30,253 - INFO - Arbitrage Yes/No Spread (Kamala/Kamala): 4.06%
2024-10-28 18:35:30,956 - INFO - Arbitrage No Spread (Trump/Kamala): 4.11%
2024-10-28 18:35:30,957 - INFO - Arbitrage Yes/No Spread (Kamala/Kamala): 4.06%
2024-10-28 18:36:31,540 - INFO - Arbitrage No Spread (Trump/Kamala): 4.11%
2024-10-28 18:36:31,540 - INFO - Arbitrage Yes/No Spread (Kamala/Kamala): 4.06%
2024-10-28 18:37:32,192 - INFO - Arbitrage No Spread (Trump/Kamala): 4.11%
2024-10-28 18:37:32,192 - INFO - Arbitrage Yes/No Spread (Kamala/Kamala): 4.06%
2024-10-28 18:38:32,798 - INFO - Arbitrage No Spread (Trump/Kamala): 4.11%
2024-10-28 18:38:32,799 - INFO - Arbitrage Yes/No Spread (Kamala/Kamala): 4.06%
2024-10-28 18:39:33,446 - INFO - Arbitrage No Spread (Trump/Kamala): 4.11%
2024-10-28 18:39:33,446 - INFO - Arbitrage Yes/No Spread (Kamala/Kamala): 4.06%
2024-10-28 18:40:34,133 - INFO - Arbitrage No Spread (Trump/Kamala): 4.11%
2024-10-28 18:40:34,133 - INFO - Arbitrage Yes/No Spread (Kamala/Kamala): 4.06%
2024-10-28 18:41:34,818 - INFO - Arbitrage No Spread (Trump/Kamala): 4.11%
2024-10-28 18:41:34,818 - INFO - Arbitrage Yes/No Spread (Kamala/Kamala): 4.06%
2024-10-28 18:42:35,503 - INFO - Arbitrage No Spread (Trump/Kamala): 4.11%
2024-10-28 18:42:35,503 - INFO - Arbitrage Yes/No Spread (Kamala/Kamala): 4.06%
2024-10-28 18:43:36,109 - INFO - Arbitrage No Spread (Trump/Kamala): 4.11%
2024-10-28 18:43:36,109 - INFO - Arbitrage Yes/No Spread (Kamala/Kamala): 4.06%
2024-10-28 18:44:36,740 - INFO - Arbitrage No Spread (Trump/Kamala): 4.11%
2024-10-28 18:44:36,741 - INFO - Arbitrage Yes/No Spread (Kamala/Kamala): 4.06%
2024-10-28 18:45:37,345 - INFO - Arbitrage No Spread (Trump/Kamala): 4.11%
2024-10-28 18:45:37,345 - INFO - Arbitrage Yes/No Spread (Kamala/Kamala): 4.06%
2024-10-28 18:46:37,975 - INFO - Arbitrage No Spread (Trump/Kamala): 4.11%
2024-10-28 18:46:37,976 - INFO - Arbitrage Yes/No Spread (Kamala/Kamala): 4.06%
2024-10-28 18:47:38,548 - INFO - Arbitrage No Spread (Trump/Kamala): 4.06%
2024-10-28 18:47:38,549 - INFO - Arbitrage Yes/No Spread (Kamala/Kamala): 3.9%
2024-10-28 18:48:39,163 - INFO - Arbitrage No Spread (Trump/Kamala): 4.06%
2024-10-28 18:48:39,163 - INFO - Arbitrage Yes/No Spread (Kamala/Kamala): 3.84%
2024-10-28 18:49:39,773 - INFO - Arbitrage No Spread (Trump/Kamala): 4.0%
2024-10-28 18:49:39,773 - INFO - Arbitrage Yes/No Spread (Kamala/Kamala): 3.84%
2024-10-28 18:50:40,361 - INFO - Arbitrage No Spread (Trump/Kamala): 4.0%
2024-10-28 18:50:40,361 - INFO - Arbitrage Yes/No Spread (Kamala/Kamala): 3.84%
2024-10-28 18:51:40,942 - INFO - Arbitrage No Spread (Trump/Kamala): 4.0%
2024-10-28 18:51:40,942 - INFO - Arbitrage Yes/No Spread (Kamala/Kamala): 3.84%
2024-10-28 18:52:41,571 - INFO - Arbitrage No Spread (Trump/Kamala): 4.0%
2024-10-28 18:52:41,571 - INFO - Arbitrage Yes/No Spread (Kamala/Kamala): 3.84%
2024-10-28 18:53:42,235 - INFO - Arbitrage No Spread (Trump/Kamala): 4.0%
2024-10-28 18:53:42,235 - INFO - Arbitrage Yes/No Spread (Kamala/Kamala): 3.84%
2024-10-28 18:54:42,899 - INFO - Arbitrage No Spread (Trump/Kamala): 3.9%
2024-10-28 18:54:42,900 - INFO - Arbitrage Yes/No Spread (Kamala/Kamala): 3.84%
2024-10-28 18:55:43,548 - INFO - Arbitrage No Spread (Trump/Kamala): 3.9%
2024-10-28 18:55:43,549 - INFO - Arbitrage Yes/No Spread (Kamala/Kamala): 3.84%
2024-10-28 18:56:44,207 - INFO - Arbitrage No Spread (Trump/Kamala): 3.9%
2024-10-28 18:56:44,207 - INFO - Arbitrage Yes/No Spread (Kamala/Kamala): 3.84%
2024-10-28 18:57:44,866 - INFO - Arbitrage No Spread (Trump/Kamala): 3.9%
2024-10-28 18:57:44,866 - INFO - Arbitrage Yes/No Spread (Kamala/Kamala): 3.84%
2024-10-28 18:58:45,546 - INFO - Arbitrage No Spread (Trump/Kamala): 3.9%
2024-10-28 18:58:45,547 - INFO - Arbitrage Yes/No Spread (Kamala/Kamala): 3.79%
2024-10-28 18:59:46,115 - INFO - Arbitrage No Spread (Trump/Kamala): 3.9%
2024-10-28 18:59:46,115 - INFO - Arbitrage Yes/No Spread (Kamala/Kamala): 3.79%
2024-10-28 19:00:46,751 - INFO - Arbitrage No Spread (Trump/Kamala): 3.9%
2024-10-28 19:00:46,751 - INFO - Arbitrage Yes/No Spread (Kamala/Kamala): 3.79%
2024-10-28 19:01:47,332 - INFO - Arbitrage No Spread (Trump/Kamala): 3.9%
2024-10-28 19:01:47,333 - INFO - Arbitrage Yes/No Spread (Kamala/Kamala): 3.79%
2024-10-28 19:02:48,018 - INFO - Arbitrage No Spread (Trump/Kamala): 3.9%
2024-10-28 19:02:48,018 - INFO - Arbitrage Yes/No Spread (Kamala/Kamala): 3.84%
2024-10-28 19:03:48,673 - INFO - Arbitrage No Spread (Trump/Kamala): 3.9%
2024-10-28 19:03:48,674 - INFO - Arbitrage Yes/No Spread (Kamala/Kamala): 3.84%
2024-10-28 19:04:49,239 - INFO - Arbitrage No Spread (Trump/Kamala): 4.0%
2024-10-28 19:04:49,239 - INFO - Arbitrage Yes/No Spread (Kamala/Kamala): 4.0%
2024-10-28 19:05:49,918 - INFO - Arbitrage No Spread (Trump/Kamala): 4.0%
2024-10-28 19:05:49,919 - INFO - Arbitrage Yes/No Spread (Kamala/Kamala): 4.0%
2024-10-28 19:06:50,537 - INFO - Arbitrage No Spread (Trump/Kamala): 4.0%
2024-10-28 19:06:50,537 - INFO - Arbitrage Yes/No Spread (Kamala/Kamala): 4.0%
2024-10-28 19:07:51,292 - INFO - Arbitrage No Spread (Trump/Kamala): 4.0%
2024-10-28 19:07:51,292 - INFO - Arbitrage Yes/No Spread (Kamala/Kamala): 4.0%
2024-10-28 19:08:52,091 - INFO - Arbitrage No Spread (Trump/Kamala): 4.0%
2024-10-28 19:08:52,091 - INFO - Arbitrage Yes/No Spread (Kamala/Kamala): 4.0%
2024-10-28 19:09:52,693 - INFO - Arbitrage No Spread (Trump/Kamala): 4.0%
2024-10-28 19:09:52,694 - INFO - Arbitrage Yes/No Spread (Kamala/Kamala): 4.0%
2024-10-28 19:10:53,274 - INFO - Arbitrage No Spread (Trump/Kamala): 3.9%
2024-10-28 19:10:53,275 - INFO - Arbitrage Yes/No Spread (Kamala/Kamala): 4.0%
2024-10-28 19:11:53,906 - INFO - Arbitrage No Spread (Trump/Kamala): 3.9%
2024-10-28 19:11:53,906 - INFO - Arbitrage Yes/No Spread (Kamala/Kamala): 4.0%
2024-10-28 19:12:54,518 - INFO - Arbitrage No Spread (Trump/Kamala): 3.31%
2024-10-28 19:12:54,518 - INFO - Arbitrage Yes/No Spread (Kamala/Kamala): 3.36%
2024-10-28 19:13:55,132 - INFO - Arbitrage No Spread (Trump/Kamala): 3.31%
2024-10-28 19:13:55,132 - INFO - Arbitrage Yes/No Spread (Kamala/Kamala): 3.36%
2024-10-28 19:14:55,826 - INFO - Arbitrage No Spread (Trump/Kamala): 3.47%
2024-10-28 19:14:55,826 - INFO - Arbitrage Yes/No Spread (Kamala/Kamala): 3.73%
2024-10-28 19:15:56,715 - INFO - Arbitrage No Spread (Trump/Kamala): 3.47%
2024-10-28 19:15:56,715 - INFO - Arbitrage Yes/No Spread (Kamala/Kamala): 3.73%
2024-10-28 19:16:57,432 - INFO - Arbitrage No Spread (Trump/Kamala): 3.47%
2024-10-28 19:16:57,432 - INFO - Arbitrage Yes/No Spread (Kamala/Kamala): 3.68%
2024-10-28 19:17:57,998 - INFO - Arbitrage No Spread (Trump/Kamala): 3.47%
2024-10-28 19:17:57,999 - INFO - Arbitrage Yes/No Spread (Kamala/Kamala): 3.68%
2024-10-28 19:18:58,609 - INFO - Arbitrage No Spread (Trump/Kamala): 3.57%
2024-10-28 19:18:58,610 - INFO - Arbitrage Yes/No Spread (Kamala/Kamala): 3.79%
2024-10-28 19:19:59,264 - INFO - Arbitrage No Spread (Trump/Kamala): 3.57%
2024-10-28 19:19:59,264 - INFO - Arbitrage Yes/No Spread (Kamala/Kamala): 3.79%
2024-10-28 19:20:59,877 - INFO - Arbitrage No Spread (Trump/Kamala): 3.63%
2024-10-28 19:20:59,877 - INFO - Arbitrage Yes/No Spread (Kamala/Kamala): 3.73%
2024-10-28 19:22:00,511 - INFO - Arbitrage No Spread (Trump/Kamala): 3.63%
2024-10-28 19:22:00,511 - INFO - Arbitrage Yes/No Spread (Kamala/Kamala): 3.73%
2024-10-28 19:23:02,123 - INFO - Arbitrage No Spread (Trump/Kamala): 3.73%
2024-10-28 19:23:02,123 - INFO - Arbitrage Yes/No Spread (Kamala/Kamala): 3.79%
2024-10-28 19:24:02,800 - INFO - Arbitrage No Spread (Trump/Kamala): 3.73%
2024-10-28 19:24:02,801 - INFO - Arbitrage Yes/No Spread (Kamala/Kamala): 3.79%
2024-10-28 19:25:03,399 - INFO - Arbitrage No Spread (Trump/Kamala): 3.63%
2024-10-28 19:25:03,399 - INFO - Arbitrage Yes/No Spread (Kamala/Kamala): 3.73%
2024-10-28 19:26:04,055 - INFO - Arbitrage No Spread (Trump/Kamala): 3.63%
2024-10-28 19:26:04,055 - INFO - Arbitrage Yes/No Spread (Kamala/Kamala): 3.73%
2024-10-28 19:27:04,712 - INFO - Arbitrage No Spread (Trump/Kamala): 4.77%
2024-10-28 19:27:04,712 - INFO - Arbitrage Yes/No Spread (Kamala/Kamala): 4.82%
2024-10-28 19:28:05,379 - INFO - Arbitrage No Spread (Trump/Kamala): 4.77%
2024-10-28 19:28:05,379 - INFO - Arbitrage Yes/No Spread (Kamala/Kamala): 4.82%
2024-10-28 19:29:05,978 - INFO - Arbitrage No Spread (Trump/Kamala): 4.77%
2024-10-28 19:29:05,978 - INFO - Arbitrage Yes/No Spread (Kamala/Kamala): 4.82%
2024-10-28 19:30:06,645 - INFO - Arbitrage No Spread (Trump/Kamala): 4.77%
2024-10-28 19:30:06,645 - INFO - Arbitrage Yes/No Spread (Kamala/Kamala): 4.82%
2024-10-28 19:31:07,236 - INFO - Arbitrage No Spread (Trump/Kamala): 4.77%
2024-10-28 19:31:07,236 - INFO - Arbitrage Yes/No Spread (Kamala/Kamala): 4.88%
2024-10-28 19:32:07,931 - INFO - Arbitrage No Spread (Trump/Kamala): 4.77%
2024-10-28 19:32:07,932 - INFO - Arbitrage Yes/No Spread (Kamala/Kamala): 4.88%
2024-10-28 19:33:08,670 - INFO - Arbitrage No Spread (Trump/Kamala): 4.77%
2024-10-28 19:33:08,670 - INFO - Arbitrage Yes/No Spread (Kamala/Kamala): 4.88%
2024-10-28 19:34:09,380 - INFO - Arbitrage No Spread (Trump/Kamala): 4.77%
2024-10-28 19:34:09,380 - INFO - Arbitrage Yes/No Spread (Kamala/Kamala): 4.88%
2024-10-28 19:35:10,140 - INFO - Arbitrage No Spread (Trump/Kamala): 4.77%
2024-10-28 19:35:10,140 - INFO - Arbitrage Yes/No Spread (Kamala/Kamala): 4.88%
2024-10-28 19:36:10,767 - INFO - Arbitrage No Spread (Trump/Kamala): 4.77%
2024-10-28 19:36:10,767 - INFO - Arbitrage Yes/No Spread (Kamala/Kamala): 4.88%
2024-10-28 19:37:11,347 - INFO - Arbitrage No Spread (Trump/Kamala): 4.77%
2024-10-28 19:37:11,347 - INFO - Arbitrage Yes/No Spread (Kamala/Kamala): 4.88%
2024-10-28 19:38:12,043 - INFO - Arbitrage No Spread (Trump/Kamala): 4.77%
2024-10-28 19:38:12,043 - INFO - Arbitrage Yes/No Spread (Kamala/Kamala): 4.88%
2024-10-28 19:39:12,611 - INFO - Arbitrage No Spread (Trump/Kamala): 5.21%
2024-10-28 19:39:12,611 - INFO - Arbitrage Yes/No Spread (Kamala/Kamala): 5.04%
2024-10-28 19:40:13,266 - INFO - Arbitrage No Spread (Trump/Kamala): 5.21%
2024-10-28 19:40:13,267 - INFO - Arbitrage Yes/No Spread (Kamala/Kamala): 5.04%
2024-10-28 19:41:13,885 - INFO - Arbitrage No Spread (Trump/Kamala): 5.21%
2024-10-28 19:41:13,885 - INFO - Arbitrage Yes/No Spread (Kamala/Kamala): 5.21%
2024-10-28 19:42:14,559 - INFO - Arbitrage No Spread (Trump/Kamala): 5.21%
2024-10-28 19:42:14,559 - INFO - Arbitrage Yes/No Spread (Kamala/Kamala): 5.21%
2024-10-28 19:43:15,187 - INFO - Arbitrage No Spread (Trump/Kamala): 5.1%
2024-10-28 19:43:15,187 - INFO - Arbitrage Yes/No Spread (Kamala/Kamala): 5.1%
2024-10-28 19:44:15,869 - INFO - Arbitrage No Spread (Trump/Kamala): 5.1%
2024-10-28 19:44:15,870 - INFO - Arbitrage Yes/No Spread (Kamala/Kamala): 5.1%
2024-10-28 19:45:16,489 - INFO - Arbitrage No Spread (Trump/Kamala): 5.15%
2024-10-28 19:45:16,489 - INFO - Arbitrage Yes/No Spread (Kamala/Kamala): 5.15%
2024-10-28 19:46:17,134 - INFO - Arbitrage No Spread (Trump/Kamala): 5.15%
2024-10-28 19:46:17,135 - INFO - Arbitrage Yes/No Spread (Kamala/Kamala): 5.15%
2024-10-28 19:47:17,774 - INFO - Arbitrage No Spread (Trump/Kamala): 4.11%
2024-10-28 19:47:17,775 - INFO - Arbitrage Yes/No Spread (Kamala/Kamala): 4.06%
2024-10-28 19:48:18,539 - INFO - Arbitrage No Spread (Trump/Kamala): 4.11%
2024-10-28 19:48:18,539 - INFO - Arbitrage Yes/No Spread (Kamala/Kamala): 4.06%
2024-10-28 19:49:19,208 - INFO - Arbitrage No Spread (Trump/Kamala): 4.11%
2024-10-28 19:49:19,209 - INFO - Arbitrage Yes/No Spread (Kamala/Kamala): 4.06%
2024-10-28 19:50:19,798 - INFO - Arbitrage No Spread (Trump/Kamala): 4.11%
2024-10-28 19:50:19,798 - INFO - Arbitrage Yes/No Spread (Kamala/Kamala): 4.06%
2024-10-28 19:51:20,465 - INFO - Arbitrage No Spread (Trump/Kamala): 4.11%
2024-10-28 19:51:20,466 - INFO - Arbitrage Yes/No Spread (Kamala/Kamala): 4.0%
2024-10-28 19:52:21,118 - INFO - Arbitrage No Spread (Trump/Kamala): 4.11%
2024-10-28 19:52:21,118 - INFO - Arbitrage Yes/No Spread (Kamala/Kamala): 4.0%
2024-10-28 19:53:21,770 - INFO - Arbitrage No Spread (Trump/Kamala): 4.11%
2024-10-28 19:53:21,771 - INFO - Arbitrage Yes/No Spread (Kamala/Kamala): 4.0%
2024-10-28 19:54:22,386 - INFO - Arbitrage No Spread (Trump/Kamala): 4.11%
2024-10-28 19:54:22,386 - INFO - Arbitrage Yes/No Spread (Kamala/Kamala): 4.0%
2024-10-28 19:55:23,092 - INFO - Arbitrage No Spread (Trump/Kamala): 4.11%
2024-10-28 19:55:23,092 - INFO - Arbitrage Yes/No Spread (Kamala/Kamala): 4.11%
2024-10-28 19:56:23,903 - INFO - Arbitrage No Spread (Trump/Kamala): 4.11%
2024-10-28 19:56:23,903 - INFO - Arbitrage Yes/No Spread (Kamala/Kamala): 4.11%
2024-10-28 19:57:24,548 - INFO - Arbitrage No Spread (Trump/Kamala): 4.11%
2024-10-28 19:57:24,548 - INFO - Arbitrage Yes/No Spread (Kamala/Kamala): 4.11%
2024-10-28 19:58:25,204 - INFO - Arbitrage No Spread (Trump/Kamala): 4.11%
2024-10-28 19:58:25,205 - INFO - Arbitrage Yes/No Spread (Kamala/Kamala): 4.11%
2024-10-28 19:59:25,897 - INFO - Arbitrage No Spread (Trump/Kamala): 4.11%
2024-10-28 19:59:25,898 - INFO - Arbitrage Yes/No Spread (Kamala/Kamala): 4.11%
2024-10-28 20:00:26,508 - INFO - Arbitrage No Spread (Trump/Kamala): 4.11%
2024-10-28 20:00:26,508 - INFO - Arbitrage Yes/No Spread (Kamala/Kamala): 4.11%
2024-10-28 20:01:27,140 - INFO - Arbitrage No Spread (Trump/Kamala): 4.11%
2024-10-28 20:01:27,141 - INFO - Arbitrage Yes/No Spread (Kamala/Kamala): 4.11%
2024-10-28 20:02:27,766 - INFO - Arbitrage No Spread (Trump/Kamala): 4.11%
2024-10-28 20:02:27,766 - INFO - Arbitrage Yes/No Spread (Kamala/Kamala): 4.11%
2024-10-28 20:03:28,489 - INFO - Arbitrage No Spread (Trump/Kamala): 4.11%
2024-10-28 20:03:28,489 - INFO - Arbitrage Yes/No Spread (Kamala/Kamala): 4.11%
2024-10-28 20:04:29,214 - INFO - Arbitrage No Spread (Trump/Kamala): 4.11%
2024-10-28 20:04:29,214 - INFO - Arbitrage Yes/No Spread (Kamala/Kamala): 4.11%
2024-10-28 20:05:29,862 - INFO - Arbitrage No Spread (Trump/Kamala): 4.06%
2024-10-28 20:05:29,863 - INFO - Arbitrage Yes/No Spread (Kamala/Kamala): 4.0%
2024-10-28 20:06:30,458 - INFO - Arbitrage No Spread (Trump/Kamala): 4.06%
2024-10-28 20:06:30,458 - INFO - Arbitrage Yes/No Spread (Kamala/Kamala): 4.0%
2024-10-28 20:07:31,053 - INFO - Arbitrage No Spread (Trump/Kamala): 4.06%
2024-10-28 20:07:31,053 - INFO - Arbitrage Yes/No Spread (Kamala/Kamala): 4.0%
2024-10-28 20:08:31,666 - INFO - Arbitrage No Spread (Trump/Kamala): 4.06%
2024-10-28 20:08:31,666 - INFO - Arbitrage Yes/No Spread (Kamala/Kamala): 4.0%
2024-10-28 20:09:32,319 - INFO - Arbitrage No Spread (Trump/Kamala): 4.06%
2024-10-28 20:09:32,319 - INFO - Arbitrage Yes/No Spread (Kamala/Kamala): 4.0%
2024-10-28 20:10:32,929 - INFO - Arbitrage No Spread (Trump/Kamala): 4.06%
2024-10-28 20:10:32,929 - INFO - Arbitrage Yes/No Spread (Kamala/Kamala): 4.0%
2024-10-28 20:11:33,560 - INFO - Arbitrage No Spread (Trump/Kamala): 4.06%
2024-10-28 20:11:33,561 - INFO - Arbitrage Yes/No Spread (Kamala/Kamala): 4.0%
2024-10-28 20:12:34,182 - INFO - Arbitrage No Spread (Trump/Kamala): 4.06%
2024-10-28 20:12:34,182 - INFO - Arbitrage Yes/No Spread (Kamala/Kamala): 4.0%
2024-10-28 20:13:34,772 - INFO - Arbitrage No Spread (Trump/Kamala): 4.06%
2024-10-28 20:13:34,772 - INFO - Arbitrage Yes/No Spread (Kamala/Kamala): 4.0%
2024-10-28 20:14:35,387 - INFO - Arbitrage No Spread (Trump/Kamala): 4.06%
2024-10-28 20:14:35,388 - INFO - Arbitrage Yes/No Spread (Kamala/Kamala): 4.0%
2024-10-28 20:15:35,999 - INFO - Arbitrage No Spread (Trump/Kamala): 4.06%
2024-10-28 20:15:35,999 - INFO - Arbitrage Yes/No Spread (Kamala/Kamala): 4.0%
2024-10-28 20:16:36,622 - INFO - Arbitrage No Spread (Trump/Kamala): 4.06%
2024-10-28 20:16:36,623 - INFO - Arbitrage Yes/No Spread (Kamala/Kamala): 4.0%
2024-10-28 20:17:37,187 - INFO - Arbitrage No Spread (Trump/Kamala): 4.0%
2024-10-28 20:17:37,187 - INFO - Arbitrage Yes/No Spread (Kamala/Kamala): 4.0%
2024-10-28 20:18:37,800 - INFO - Arbitrage No Spread (Trump/Kamala): 4.0%
2024-10-28 20:18:37,800 - INFO - Arbitrage Yes/No Spread (Kamala/Kamala): 4.0%
2024-10-28 20:19:38,438 - INFO - Arbitrage No Spread (Trump/Kamala): 4.0%
2024-10-28 20:19:38,438 - INFO - Arbitrage Yes/No Spread (Kamala/Kamala): 4.0%
2024-10-28 20:20:39,031 - INFO - Arbitrage No Spread (Trump/Kamala): 4.0%
2024-10-28 20:20:39,031 - INFO - Arbitrage Yes/No Spread (Kamala/Kamala): 4.0%
2024-10-28 20:21:39,674 - INFO - Arbitrage No Spread (Trump/Kamala): 4.0%
2024-10-28 20:21:39,674 - INFO - Arbitrage Yes/No Spread (Kamala/Kamala): 4.0%
2024-10-28 20:22:40,281 - INFO - Arbitrage No Spread (Trump/Kamala): 4.0%
2024-10-28 20:22:40,281 - INFO - Arbitrage Yes/No Spread (Kamala/Kamala): 4.0%
2024-10-28 20:23:41,029 - INFO - Arbitrage No Spread (Trump/Kamala): 4.0%
2024-10-28 20:23:41,030 - INFO - Arbitrage Yes/No Spread (Kamala/Kamala): 3.95%
2024-10-28 20:24:41,649 - INFO - Arbitrage No Spread (Trump/Kamala): 4.0%
2024-10-28 20:24:41,649 - INFO - Arbitrage Yes/No Spread (Kamala/Kamala): 3.95%
2024-10-28 20:25:42,260 - INFO - Arbitrage No Spread (Trump/Kamala): 4.0%
2024-10-28 20:25:42,260 - INFO - Arbitrage Yes/No Spread (Kamala/Kamala): 3.95%
2024-10-28 20:26:42,860 - INFO - Arbitrage No Spread (Trump/Kamala): 4.0%
2024-10-28 20:26:42,860 - INFO - Arbitrage Yes/No Spread (Kamala/Kamala): 3.95%
2024-10-28 20:27:43,466 - INFO - Arbitrage No Spread (Trump/Kamala): 4.0%
2024-10-28 20:27:43,467 - INFO - Arbitrage Yes/No Spread (Kamala/Kamala): 4.0%
2024-10-28 20:28:44,034 - INFO - Arbitrage No Spread (Trump/Kamala): 4.0%
2024-10-28 20:28:44,035 - INFO - Arbitrage Yes/No Spread (Kamala/Kamala): 4.0%
2024-10-28 20:29:44,627 - INFO - Arbitrage No Spread (Trump/Kamala): 4.0%
2024-10-28 20:29:44,627 - INFO - Arbitrage Yes/No Spread (Kamala/Kamala): 3.95%
2024-10-28 20:30:45,244 - INFO - Arbitrage No Spread (Trump/Kamala): 4.0%
2024-10-28 20:30:45,245 - INFO - Arbitrage Yes/No Spread (Kamala/Kamala): 3.95%
2024-10-28 20:31:45,876 - INFO - Arbitrage No Spread (Trump/Kamala): 4.0%
2024-10-28 20:31:45,877 - INFO - Arbitrage Yes/No Spread (Kamala/Kamala): 3.95%
2024-10-28 20:32:46,522 - INFO - Arbitrage No Spread (Trump/Kamala): 4.0%
2024-10-28 20:32:46,522 - INFO - Arbitrage Yes/No Spread (Kamala/Kamala): 3.95%
2024-10-28 20:33:47,120 - INFO - Arbitrage No Spread (Trump/Kamala): 4.0%
2024-10-28 20:33:47,121 - INFO - Arbitrage Yes/No Spread (Kamala/Kamala): 3.95%
2024-10-28 20:34:47,708 - INFO - Arbitrage No Spread (Trump/Kamala): 4.0%
2024-10-28 20:34:47,708 - INFO - Arbitrage Yes/No Spread (Kamala/Kamala): 3.95%
2024-10-28 20:35:48,472 - INFO - Arbitrage No Spread (Trump/Kamala): 4.0%
2024-10-28 20:35:48,472 - INFO - Arbitrage Yes/No Spread (Kamala/Kamala): 4.0%
2024-10-28 20:36:49,069 - INFO - Arbitrage No Spread (Trump/Kamala): 4.0%
2024-10-28 20:36:49,069 - INFO - Arbitrage Yes/No Spread (Kamala/Kamala): 4.0%
2024-10-28 20:37:49,684 - INFO - Arbitrage No Spread (Trump/Kamala): 4.0%
2024-10-28 20:37:49,685 - INFO - Arbitrage Yes/No Spread (Kamala/Kamala): 4.0%
2024-10-28 20:38:50,326 - INFO - Arbitrage No Spread (Trump/Kamala): 4.0%
2024-10-28 20:38:50,327 - INFO - Arbitrage Yes/No Spread (Kamala/Kamala): 4.0%
2024-10-28 20:39:50,955 - INFO - Arbitrage No Spread (Trump/Kamala): 4.0%
2024-10-28 20:39:50,955 - INFO - Arbitrage Yes/No Spread (Kamala/Kamala): 4.0%
2024-10-28 20:40:51,536 - INFO - Arbitrage No Spread (Trump/Kamala): 4.0%
2024-10-28 20:40:51,537 - INFO - Arbitrage Yes/No Spread (Kamala/Kamala): 4.0%
2024-10-28 20:41:52,220 - INFO - Arbitrage No Spread (Trump/Kamala): 4.0%
2024-10-28 20:41:52,221 - INFO - Arbitrage Yes/No Spread (Kamala/Kamala): 4.0%
2024-10-28 20:42:52,852 - INFO - Arbitrage No Spread (Trump/Kamala): 4.0%
2024-10-28 20:42:52,853 - INFO - Arbitrage Yes/No Spread (Kamala/Kamala): 3.95%
2024-10-28 20:43:53,492 - INFO - Arbitrage No Spread (Trump/Kamala): 4.0%
2024-10-28 20:43:53,493 - INFO - Arbitrage Yes/No Spread (Kamala/Kamala): 3.95%
2024-10-28 20:44:54,137 - INFO - Arbitrage No Spread (Trump/Kamala): 4.0%
2024-10-28 20:44:54,137 - INFO - Arbitrage Yes/No Spread (Kamala/Kamala): 3.95%
2024-10-28 20:45:54,755 - INFO - Arbitrage No Spread (Trump/Kamala): 4.0%
2024-10-28 20:45:54,756 - INFO - Arbitrage Yes/No Spread (Kamala/Kamala): 3.95%
2024-10-28 20:46:55,338 - INFO - Arbitrage No Spread (Trump/Kamala): 4.0%
2024-10-28 20:46:55,338 - INFO - Arbitrage Yes/No Spread (Kamala/Kamala): 3.95%
2024-10-28 20:47:55,958 - INFO - Arbitrage No Spread (Trump/Kamala): 4.0%
2024-10-28 20:47:55,958 - INFO - Arbitrage Yes/No Spread (Kamala/Kamala): 3.95%
2024-10-28 20:48:56,548 - INFO - Arbitrage No Spread (Trump/Kamala): 4.0%
2024-10-28 20:48:56,548 - INFO - Arbitrage Yes/No Spread (Kamala/Kamala): 3.95%
2024-10-28 20:49:57,219 - INFO - Arbitrage No Spread (Trump/Kamala): 4.0%
2024-10-28 20:49:57,220 - INFO - Arbitrage Yes/No Spread (Kamala/Kamala): 3.95%
2024-10-28 20:50:57,829 - INFO - Arbitrage No Spread (Trump/Kamala): 4.0%
2024-10-28 20:50:57,829 - INFO - Arbitrage Yes/No Spread (Kamala/Kamala): 3.9%
2024-10-28 20:51:58,486 - INFO - Arbitrage No Spread (Trump/Kamala): 4.0%
2024-10-28 20:51:58,487 - INFO - Arbitrage Yes/No Spread (Kamala/Kamala): 3.9%
2024-10-28 20:52:59,127 - INFO - Arbitrage No Spread (Trump/Kamala): 4.0%
2024-10-28 20:52:59,127 - INFO - Arbitrage Yes/No Spread (Kamala/Kamala): 3.9%
2024-10-28 20:53:59,766 - INFO - Arbitrage No Spread (Trump/Kamala): 4.0%
2024-10-28 20:53:59,766 - INFO - Arbitrage Yes/No Spread (Kamala/Kamala): 3.9%
2024-10-28 20:55:00,356 - INFO - Arbitrage No Spread (Trump/Kamala): 3.68%
2024-10-28 20:55:00,356 - INFO - Arbitrage Yes/No Spread (Kamala/Kamala): 3.52%
2024-10-28 20:56:00,952 - INFO - Arbitrage No Spread (Trump/Kamala): 3.68%
2024-10-28 20:56:00,952 - INFO - Arbitrage Yes/No Spread (Kamala/Kamala): 3.52%
2024-10-28 20:57:01,714 - INFO - Arbitrage No Spread (Trump/Kamala): 3.57%
2024-10-28 20:57:01,714 - INFO - Arbitrage Yes/No Spread (Kamala/Kamala): 3.47%
2024-10-28 20:58:02,327 - INFO - Arbitrage No Spread (Trump/Kamala): 3.57%
2024-10-28 20:58:02,327 - INFO - Arbitrage Yes/No Spread (Kamala/Kamala): 3.47%
2024-10-28 20:59:02,922 - INFO - Arbitrage No Spread (Trump/Kamala): 2.93%
2024-10-28 20:59:02,922 - INFO - Arbitrage Yes/No Spread (Kamala/Kamala): 2.93%
2024-10-28 21:00:03,544 - INFO - Arbitrage No Spread (Trump/Kamala): 2.93%
2024-10-28 21:00:03,544 - INFO - Arbitrage Yes/No Spread (Kamala/Kamala): 2.93%
2024-10-28 21:01:04,195 - INFO - Arbitrage No Spread (Trump/Kamala): 2.93%
2024-10-28 21:01:04,195 - INFO - Arbitrage Yes/No Spread (Kamala/Kamala): 2.93%
2024-10-28 21:02:04,909 - INFO - Arbitrage No Spread (Trump/Kamala): 2.93%
2024-10-28 21:02:04,909 - INFO - Arbitrage Yes/No Spread (Kamala/Kamala): 2.93%
2024-10-28 21:03:05,546 - INFO - Arbitrage No Spread (Trump/Kamala): 2.93%
2024-10-28 21:03:05,546 - INFO - Arbitrage Yes/No Spread (Kamala/Kamala): 2.88%
2024-10-28 21:04:06,173 - INFO - Arbitrage No Spread (Trump/Kamala): 2.93%
2024-10-28 21:04:06,173 - INFO - Arbitrage Yes/No Spread (Kamala/Kamala): 2.88%
2024-10-28 21:05:06,773 - INFO - Arbitrage No Spread (Trump/Kamala): 2.93%
2024-10-28 21:05:06,773 - INFO - Arbitrage Yes/No Spread (Kamala/Kamala): 2.88%
2024-10-28 21:06:07,404 - INFO - Arbitrage No Spread (Trump/Kamala): 2.93%
2024-10-28 21:06:07,404 - INFO - Arbitrage Yes/No Spread (Kamala/Kamala): 2.88%
2024-10-28 21:07:08,022 - INFO - Arbitrage No Spread (Trump/Kamala): 2.83%
2024-10-28 21:07:08,023 - INFO - Arbitrage Yes/No Spread (Kamala/Kamala): 2.83%
2024-10-28 21:08:08,642 - INFO - Arbitrage No Spread (Trump/Kamala): 2.83%
2024-10-28 21:08:08,642 - INFO - Arbitrage Yes/No Spread (Kamala/Kamala): 2.83%
2024-10-28 21:09:09,351 - INFO - Arbitrage No Spread (Trump/Kamala): 2.83%
2024-10-28 21:09:09,351 - INFO - Arbitrage Yes/No Spread (Kamala/Kamala): 2.77%
2024-10-28 21:10:09,948 - INFO - Arbitrage No Spread (Trump/Kamala): 3.9%
2024-10-28 21:10:09,948 - INFO - Arbitrage Yes/No Spread (Kamala/Kamala): 3.84%
2024-10-28 21:11:10,543 - INFO - Arbitrage No Spread (Trump/Kamala): 3.9%
2024-10-28 21:11:10,544 - INFO - Arbitrage Yes/No Spread (Kamala/Kamala): 3.95%
2024-10-28 21:11:44,631 - INFO - Monitoring stopped by user
